====================================================================================

                2.5D   Electromagnetic Modelling / Inversion      
====================================================================================


                 ArjunAir started at 16:34 on 12 MAY 2015
                      MPI process used     4 processors 

       The solution will proceeed in slower mode with nky = 21 and nfreq = 28 

      This inversion uses Marquard style damping on parameters on GSVD Decomposition of Model Norm and Sensitivity  Matrices 
                                                     by Jovan Silic   
  Normal Flight Direction 
  S Norm Follows 
           1   235386.5       268817.0    
           2   175528.2       230858.0    
           3   123350.8       184765.0    
           4   82899.31       127672.0    
           5   46247.33       70368.00    
           6   24035.64       27841.34    
           7   15139.14       7006.000    
           8   8794.475       1067.000    
           9   3406.640       100.0000    
          10  1.0000000E-06  0.0000000E+00
          11   210316.8       229952.0    
          12   136540.9       173350.3    
          13   82633.65       118882.0    
          14   43332.34       71253.00    
          15   23898.05       32691.00    
          16   16365.05       10172.33    
          17   11413.53       2036.333    
          18   6968.526       373.3333    
          19   3089.109       213.0000    
          20  1.0000000E-06  0.0000000E+00


  RMS error reduction based on using the Survey norm
  --------------------------------------------------
     PCTCNV =    1.000000    
         MU =            2
       RSVT =   0.2500000    
  TGSVD_BND =   0.0000000E+00
     ALPHAS =   9.9999998E-03
     ALPHAX =    1.000000    
     ALPHAZ =    1.000000    
  Model Norm not referenced to the Starting Model 


  Inversion Solver will be in Single Precision 
  Average length of cells in  z direction is     49.99089    
  Median Value of cell lengths in z direction is     26.01001    
  Length Scale in X direction is    100.0000    
  Length Scale in Z direction is    52.02002    
  Alphas updated to   9.9999998E-03  based on horizontal cell width of    50.00000    
  === FRONT    ELAPSED =   125.9864    
  ======== HYEY    ELAPSED =  1.5609741E-02
  ===== SENS_FD ELAPSED =    3.213623    
   SENS_FD2TD required    2.059219      seconds 
  TD_SENS processed in    2.137222      seconds 
   Alphax determined   1.9196559E-02

  Created Ínversion Directory D:\EM\SPECTREM\DeGrussa_Detail_T6_Completed\EM2DInv_02\EM2DInv_1\Inversion_01\Line_0011240\Iteration_01\
  Sumsq Sums_Model Sumsq_Total    1000.544      0.0000000E+00   1000.544      at Iteration            1
 -------------------------------------------------------------------------------------


 Searching for Solution in Iteration    1 Icnt_Loop    0 RSVT      0.250


 Number     Alphax   Data_Misfit    Model_Norm    Total_Objective_Function    % Error 

      1 0.1920E-01      1000.544         0.000                   1000.5441    97.6010     85.2415

 Testing for optimum RSVT ... Old RSVT =   0.250
  RSVT Not Updated and Maximum Delpar =    16.28075      Inversion will proceed by limiting step size 
 Testing for optimum RSVT ... New RSVT =   0.250


  === FRONT    ELAPSED =   125.7212    
  ======== HYEY    ELAPSED =  3.1188965E-02
  ===== SENS_FD ELAPSED =    3.073242    
   SENS_FD2TD required    2.090424      seconds 
  TD_SENS processed in    2.152802      seconds 
      5 0.1920E-01       973.403         0.000                    973.4031    84.0774     96.5396
                                          14.7
      5                                                             1000.5 Previous Total Ojective Function 


           Minimum       Maximum       Average 
   delpar  -1.0000       -0.0085        0.2657        1.0000
    error  -1.6748        1.9996        0.5776


  Reduction is true for nstep =    5


  Reduction Accepted for Alpha = .32674E-01 with Sumsq and Model_Norm =    973.403     0.000


  End of Iteration     1

 -----------------------------------------------------------------------------------

  Created Ínversion Directory D:\EM\SPECTREM\DeGrussa_Detail_T6_Completed\EM2DInv_02\EM2DInv_1\Inversion_01\Line_0011240\Iteration_02\
  Sumsq Sums_Model Sumsq_Total    973.4031      0.0000000E+00   973.4031      at Iteration            2
 -------------------------------------------------------------------------------------


 Searching for Solution in Iteration    2 Icnt_Loop    0 RSVT      0.218


 Number     Alphax   Data_Misfit    Model_Norm    Total_Objective_Function    % Error 

      2 0.2844E-01       973.403         0.000                    973.4031    96.5396     84.0774
  === FRONT    ELAPSED =   125.8772    
  ======== HYEY    ELAPSED =  3.1219482E-02
  ===== SENS_FD ELAPSED =    3.244812    
   SENS_FD2TD required    2.184021      seconds 
  TD_SENS processed in    2.262024      seconds 
      5 0.2844E-01       899.152         0.000                    899.1520    80.8071     93.5292
                                          87.0
      5                                                              973.4 Previous Total Ojective Function 


           Minimum       Maximum       Average 
   delpar  -1.0000       -0.0065        0.3877        1.0000
    error  -1.6748        1.9995        0.5689


  Reduction is true for nstep =    5


  Reduction Accepted for Alpha = .57271E-01 with Sumsq and Model_Norm =    899.152     0.000


  End of Iteration     2

 -----------------------------------------------------------------------------------

  Created Ínversion Directory D:\EM\SPECTREM\DeGrussa_Detail_T6_Completed\EM2DInv_02\EM2DInv_1\Inversion_01\Line_0011240\Iteration_03\
  Sumsq Sums_Model Sumsq_Total    899.1520      0.0000000E+00   899.1520      at Iteration            3
 -------------------------------------------------------------------------------------


 Searching for Solution in Iteration    3 Icnt_Loop    0 RSVT      0.189


 Number     Alphax   Data_Misfit    Model_Norm    Total_Objective_Function    % Error 

      3 0.4986E-01       899.152         0.000                    899.1520    93.5292     80.8071
  === FRONT    ELAPSED =   126.0800    
  ======== HYEY    ELAPSED =  1.5563965E-02
  ===== SENS_FD ELAPSED =    3.073242    
   SENS_FD2TD required    2.168457      seconds 
  TD_SENS processed in    2.230835      seconds 
      5 0.4986E-01       799.004         0.000                    799.0040    76.1741     89.0347
                                         201.4
      5                                                              899.2 Previous Total Ojective Function 


           Minimum       Maximum       Average 
   delpar  -1.0000       -0.0007        0.3113        1.0000
    error  -1.6748        1.9993        0.5434


  Reduction is true for nstep =    5


  Reduction Accepted for Alpha = .71578E-01 with Sumsq and Model_Norm =    799.004     0.000


  End of Iteration     3

 -----------------------------------------------------------------------------------

  Created Ínversion Directory D:\EM\SPECTREM\DeGrussa_Detail_T6_Completed\EM2DInv_02\EM2DInv_1\Inversion_01\Line_0011240\Iteration_04\
  Sumsq Sums_Model Sumsq_Total    799.0040      0.0000000E+00   799.0040      at Iteration            4
 -------------------------------------------------------------------------------------


 Searching for Solution in Iteration    4 Icnt_Loop    0 RSVT      0.165


 Number     Alphax   Data_Misfit    Model_Norm    Total_Objective_Function    % Error 

      4 0.6231E-01       799.004         0.000                    799.0040    89.0347     76.1741
  === FRONT    ELAPSED =   125.8772    
  ======== HYEY    ELAPSED =  3.1188965E-02
  ===== SENS_FD ELAPSED =    3.135620    
   SENS_FD2TD required    2.184021      seconds 
  TD_SENS processed in    2.246399      seconds 
      5 0.6231E-01       700.429         0.000                    700.4294    71.3206     83.5123
                                         335.2
      5                                                              799.0 Previous Total Ojective Function 


           Minimum       Maximum       Average 
   delpar  -1.0000        0.0638        0.2270        1.0000
    error  -1.6748        1.9990        0.5059


  Reduction is true for nstep =    5


  Reduction Accepted for Alpha = .74417E-01 with Sumsq and Model_Norm =    700.429     0.000


  End of Iteration     4

 -----------------------------------------------------------------------------------

  Created Ínversion Directory D:\EM\SPECTREM\DeGrussa_Detail_T6_Completed\EM2DInv_02\EM2DInv_1\Inversion_01\Line_0011240\Iteration_05\
  Sumsq Sums_Model Sumsq_Total    700.4294      0.0000000E+00   700.4294      at Iteration            5
 -------------------------------------------------------------------------------------


 Searching for Solution in Iteration    5 Icnt_Loop    0 RSVT      0.144


 Number     Alphax   Data_Misfit    Model_Norm    Total_Objective_Function    % Error 

      5 0.6478E-01       700.429         0.000                    700.4294    83.5123     71.3206
  === FRONT    ELAPSED =   125.6276    
  ======== HYEY    ELAPSED =  3.1188965E-02
  ===== SENS_FD ELAPSED =    3.073242    
   SENS_FD2TD required    2.230835      seconds 
  TD_SENS processed in    2.293213      seconds 
      5 0.6478E-01       564.310         0.000                    564.3099    64.0165     74.2671
                                         514.7
      5                                                              700.4 Previous Total Ojective Function 


           Minimum       Maximum       Average 
   delpar  -1.0000        0.0912        0.2592        1.0000
    error  -1.6747        1.9985        0.4654


  Reduction is true for nstep =    5


  Reduction Accepted for Alpha = .94807E-01 with Sumsq and Model_Norm =    564.310     0.000


  End of Iteration     5

 -----------------------------------------------------------------------------------

  Created Ínversion Directory D:\EM\SPECTREM\DeGrussa_Detail_T6_Completed\EM2DInv_02\EM2DInv_1\Inversion_01\Line_0011240\Iteration_06\
  Sumsq Sums_Model Sumsq_Total    564.3099      0.0000000E+00   564.3099      at Iteration            6
 -------------------------------------------------------------------------------------


 Searching for Solution in Iteration    6 Icnt_Loop    0 RSVT      0.125


 Number     Alphax   Data_Misfit    Model_Norm    Total_Objective_Function    % Error 

      6 0.8253E-01       564.310         0.000                    564.3099    74.2671     64.0165
  === FRONT    ELAPSED =   125.6432    
  ======== HYEY    ELAPSED =  0.0000000E+00
  ===== SENS_FD ELAPSED =    3.088867    
   SENS_FD2TD required    2.230774      seconds 
  TD_SENS processed in    2.293213      seconds 
      5 0.8253E-01       467.604         0.000                    467.6041    58.2736     68.9440
                                         617.0
      5                                                              564.3 Previous Total Ojective Function 


           Minimum       Maximum       Average 
   delpar  -1.0000        0.2395        0.1610        1.0000
    error  -1.6746        1.9978        0.3972


  Reduction is true for nstep =    5


  Reduction Accepted for Alpha = .10869E+00 with Sumsq and Model_Norm =    467.604     0.000


  End of Iteration     6

 -----------------------------------------------------------------------------------

  Created Ínversion Directory D:\EM\SPECTREM\DeGrussa_Detail_T6_Completed\EM2DInv_02\EM2DInv_1\Inversion_01\Line_0011240\Iteration_07\
  Sumsq Sums_Model Sumsq_Total    467.6041      0.0000000E+00   467.6041      at Iteration            7
 -------------------------------------------------------------------------------------


 Searching for Solution in Iteration    7 Icnt_Loop    0 RSVT      0.109


 Number     Alphax   Data_Misfit    Model_Norm    Total_Objective_Function    % Error 

      7 0.9462E-01       467.604         0.000                    467.6041    68.9440     58.2736
  === FRONT    ELAPSED =   125.7056    
  ======== HYEY    ELAPSED =  1.5502930E-02
  ===== SENS_FD ELAPSED =    3.088867    
   SENS_FD2TD required    2.277588      seconds 
  TD_SENS processed in    2.339966      seconds 
      5 0.9462E-01       389.678         0.000                    389.6784    53.1969     65.9931
                                         696.4
      5                                                              467.6 Previous Total Ojective Function 


           Minimum       Maximum       Average 
   delpar  -1.0000        0.3285        0.1173        1.0000
    error  -1.6744        1.9974        0.3397


  Reduction is true for nstep =    5


  Reduction Accepted for Alpha = .11310E+00 with Sumsq and Model_Norm =    389.678     0.000


  End of Iteration     7

 -----------------------------------------------------------------------------------

  Created Ínversion Directory D:\EM\SPECTREM\DeGrussa_Detail_T6_Completed\EM2DInv_02\EM2DInv_1\Inversion_01\Line_0011240\Iteration_08\
  Sumsq Sums_Model Sumsq_Total    389.6784      0.0000000E+00   389.6784      at Iteration            8
 -------------------------------------------------------------------------------------


 Searching for Solution in Iteration    8 Icnt_Loop    0 RSVT      0.095


 Number     Alphax   Data_Misfit    Model_Norm    Total_Objective_Function    % Error 

      8 0.9846E-01       389.678         0.000                    389.6784    65.9931     53.1969
  === FRONT    ELAPSED =   126.2828    
  ======== HYEY    ELAPSED =  3.1250000E-02
  ===== SENS_FD ELAPSED =    3.135620    
   SENS_FD2TD required    2.293213      seconds 
  TD_SENS processed in    2.355591      seconds 
      5 0.9846E-01       320.376         0.000                    320.3761    48.2351     65.1188
                                         760.8
      5                                                              389.7 Previous Total Ojective Function 


           Minimum       Maximum       Average 
   delpar  -1.0000        0.3219        0.0966        1.0000
    error  -1.6748        1.9980        0.2934


  Reduction is true for nstep =    5


  Reduction Accepted for Alpha = .11348E+00 with Sumsq and Model_Norm =    320.376     0.000


  End of Iteration     8

 -----------------------------------------------------------------------------------

  Created Ínversion Directory D:\EM\SPECTREM\DeGrussa_Detail_T6_Completed\EM2DInv_02\EM2DInv_1\Inversion_01\Line_0011240\Iteration_09\
  Sumsq Sums_Model Sumsq_Total    320.3761      0.0000000E+00   320.3761      at Iteration            9
 -------------------------------------------------------------------------------------


 Searching for Solution in Iteration    9 Icnt_Loop    0 RSVT      0.082


 Number     Alphax   Data_Misfit    Model_Norm    Total_Objective_Function    % Error 

      9 0.9879E-01       320.376         0.000                    320.3761    65.1188     48.2351
  === FRONT    ELAPSED =   125.8928    
  ======== HYEY    ELAPSED =  1.5625000E-02
  ===== SENS_FD ELAPSED =    3.166748    
   SENS_FD2TD required    2.262085      seconds 
  TD_SENS processed in    2.340088      seconds 
      5 0.9879E-01       268.145         0.000                    268.1454    44.1284     65.6145
                                         805.9
      5                                                              320.4 Previous Total Ojective Function 


           Minimum       Maximum       Average 
   delpar  -1.0000        0.3336        0.0734        1.0000
    error  -1.6766        1.9949        0.2536


  Reduction is true for nstep =    5


  Reduction Accepted for Alpha = .10851E+00 with Sumsq and Model_Norm =    268.145     0.000


  End of Iteration     9

 -----------------------------------------------------------------------------------

  Created Ínversion Directory D:\EM\SPECTREM\DeGrussa_Detail_T6_Completed\EM2DInv_02\EM2DInv_1\Inversion_01\Line_0011240\Iteration_10\
  Sumsq Sums_Model Sumsq_Total    268.1454      0.0000000E+00   268.1454      at Iteration           10
 -------------------------------------------------------------------------------------


 Searching for Solution in Iteration   10 Icnt_Loop    0 RSVT      0.072


 Number     Alphax   Data_Misfit    Model_Norm    Total_Objective_Function    % Error 

     10 0.9447E-01       268.145         0.000                    268.1454    65.6145     44.1284
  === FRONT    ELAPSED =   125.6121    
  ======== HYEY    ELAPSED =  3.1250000E-02
  ===== SENS_FD ELAPSED =    3.073120    
   SENS_FD2TD required    2.246460      seconds 
  TD_SENS processed in    2.324463      seconds 
      5 0.9447E-01       230.973         0.000                    230.9734    40.9557     67.1621
                                         835.8
      5                                                              268.1 Previous Total Ojective Function 


           Minimum       Maximum       Average 
   delpar  -1.0000        0.2770        0.0529        1.0000
    error  -1.6794        1.9935        0.2248


  Reduction is true for nstep =    5


  Reduction Accepted for Alpha = .99764E-01 with Sumsq and Model_Norm =    230.973     0.000


  End of Iteration    10

 -----------------------------------------------------------------------------------

  Created Ínversion Directory D:\EM\SPECTREM\DeGrussa_Detail_T6_Completed\EM2DInv_02\EM2DInv_1\Inversion_01\Line_0011240\Iteration_11\
  Sumsq Sums_Model Sumsq_Total    230.9734      0.0000000E+00   230.9734      at Iteration           11
 -------------------------------------------------------------------------------------


 Searching for Solution in Iteration   11 Icnt_Loop    0 RSVT      0.063


 Number     Alphax   Data_Misfit    Model_Norm    Total_Objective_Function    % Error 

     11 0.8685E-01       230.973         0.000                    230.9734    67.1621     40.9557
  === FRONT    ELAPSED =   125.7368    
  ======== HYEY    ELAPSED =  1.5502930E-02
  ===== SENS_FD ELAPSED =    3.073242    
   SENS_FD2TD required    2.199585      seconds 
  TD_SENS processed in    2.277588      seconds 
      5 0.8685E-01       196.806         0.000                    196.8059    37.8052     70.2344
                                         863.9
      5                                                              231.0 Previous Total Ojective Function 


           Minimum       Maximum       Average 
   delpar  -1.0000        0.2784        0.0493        1.0000
    error  -1.6804        1.9777        0.2054


  Reduction is true for nstep =    5


  Reduction Accepted for Alpha = .90740E-01 with Sumsq and Model_Norm =    196.806     0.000


  End of Iteration    11

 -----------------------------------------------------------------------------------

  Created Ínversion Directory D:\EM\SPECTREM\DeGrussa_Detail_T6_Completed\EM2DInv_02\EM2DInv_1\Inversion_01\Line_0011240\Iteration_12\
  Sumsq Sums_Model Sumsq_Total    196.8059      0.0000000E+00   196.8059      at Iteration           12
 -------------------------------------------------------------------------------------


 Searching for Solution in Iteration   12 Icnt_Loop    0 RSVT      0.054


 Number     Alphax   Data_Misfit    Model_Norm    Total_Objective_Function    % Error 

     12 0.7899E-01       196.806         0.000                    196.8059    70.2344     37.8052
  === FRONT    ELAPSED =   126.1736    
  ======== HYEY    ELAPSED =  1.5625000E-02
  ===== SENS_FD ELAPSED =    3.166870    
   SENS_FD2TD required    2.246338      seconds 
  TD_SENS processed in    2.324341      seconds 
      5 0.7899E-01       161.195         0.000                    161.1951    34.2144     73.7125
                                         895.9
      5                                                              196.8 Previous Total Ojective Function 


           Minimum       Maximum       Average 
   delpar  -1.0000        0.3752        0.0556        1.0000
    error  -1.6821        1.9433        0.1880


  Reduction is true for nstep =    5


  Reduction Accepted for Alpha = .82554E-01 with Sumsq and Model_Norm =    161.195     0.000


  End of Iteration    12

 -----------------------------------------------------------------------------------

  Created Ínversion Directory D:\EM\SPECTREM\DeGrussa_Detail_T6_Completed\EM2DInv_02\EM2DInv_1\Inversion_01\Line_0011240\Iteration_13\
  Sumsq Sums_Model Sumsq_Total    161.1951      0.0000000E+00   161.1951      at Iteration           13
 -------------------------------------------------------------------------------------


 Searching for Solution in Iteration   13 Icnt_Loop    0 RSVT      0.047


 Number     Alphax   Data_Misfit    Model_Norm    Total_Objective_Function    % Error 

     13 0.7187E-01       161.195         0.000                    161.1951    73.7125     34.2144
  === FRONT    ELAPSED =   125.9708    
  ======== HYEY    ELAPSED =  3.1250000E-02
  ===== SENS_FD ELAPSED =    3.073242    
   SENS_FD2TD required    2.262085      seconds 
  TD_SENS processed in    2.324463      seconds 
      5 0.7187E-01       134.708         0.000                    134.7082    31.2774     76.5934
                                         921.9
      5                                                              161.2 Previous Total Ojective Function 


           Minimum       Maximum       Average 
   delpar  -1.0000        0.4814        0.0535        1.0000
    error  -1.7336        1.8407        0.1701


  Reduction is true for nstep =    5


  Reduction Accepted for Alpha = .74682E-01 with Sumsq and Model_Norm =    134.708     0.000


  End of Iteration    13

 -----------------------------------------------------------------------------------

  Created Ínversion Directory D:\EM\SPECTREM\DeGrussa_Detail_T6_Completed\EM2DInv_02\EM2DInv_1\Inversion_01\Line_0011240\Iteration_14\
  Sumsq Sums_Model Sumsq_Total    134.7082      0.0000000E+00   134.7082      at Iteration           14
 -------------------------------------------------------------------------------------


 Searching for Solution in Iteration   14 Icnt_Loop    0 RSVT      0.041


 Number     Alphax   Data_Misfit    Model_Norm    Total_Objective_Function    % Error 

     14 0.6501E-01       134.708         0.000                    134.7082    76.5934     31.2774
  === FRONT    ELAPSED =   126.3296    
  ======== HYEY    ELAPSED =  1.5625000E-02
  ===== SENS_FD ELAPSED =    3.135620    
   SENS_FD2TD required    2.246338      seconds 
  TD_SENS processed in    2.324341      seconds 
      5 0.6501E-01       111.322         0.000                    111.3218    28.4330     78.8687
                                         955.9
      5                                                              134.7 Previous Total Ojective Function 


           Minimum       Maximum       Average 
   delpar  -1.0000        0.6799        0.0708        1.0000
    error  -1.7828        1.7161        0.1560


  Reduction is true for nstep =    5


  Reduction Accepted for Alpha = .67775E-01 with Sumsq and Model_Norm =    111.322     0.000


  End of Iteration    14

 -----------------------------------------------------------------------------------

  Created Ínversion Directory D:\EM\SPECTREM\DeGrussa_Detail_T6_Completed\EM2DInv_02\EM2DInv_1\Inversion_01\Line_0011240\Iteration_15\
  Sumsq Sums_Model Sumsq_Total    111.3218      0.0000000E+00   111.3218      at Iteration           15
 -------------------------------------------------------------------------------------


 Searching for Solution in Iteration   15 Icnt_Loop    0 RSVT      0.036


 Number     Alphax   Data_Misfit    Model_Norm    Total_Objective_Function    % Error 

     15 0.5900E-01       111.322         0.000                    111.3218    78.8687     28.4330
  === FRONT    ELAPSED =   125.7991    
  ======== HYEY    ELAPSED =  1.5625000E-02
  ===== SENS_FD ELAPSED =    3.073242    
   SENS_FD2TD required    2.261963      seconds 
  TD_SENS processed in    2.324463      seconds 
      5 0.5900E-01        88.692         0.000                     88.6923    25.3791     79.6691
                                        1021.0
      5                                                              111.3 Previous Total Ojective Function 


           Minimum       Maximum       Average 
   delpar  -1.0000        0.9686        0.1048        1.0000
    error  -1.8118        1.5949        0.1414


  Reduction is true for nstep =    5


  Reduction Accepted for Alpha = .61852E-01 with Sumsq and Model_Norm =     88.692     0.000


  End of Iteration    15

 -----------------------------------------------------------------------------------

  Created Ínversion Directory D:\EM\SPECTREM\DeGrussa_Detail_T6_Completed\EM2DInv_02\EM2DInv_1\Inversion_01\Line_0011240\Iteration_16\
  Sumsq Sums_Model Sumsq_Total    88.69229      0.0000000E+00   88.69229      at Iteration           16
 -------------------------------------------------------------------------------------


 Searching for Solution in Iteration   16 Icnt_Loop    0 RSVT      0.031


 Number     Alphax   Data_Misfit    Model_Norm    Total_Objective_Function    % Error 

     16 0.5385E-01        88.692         0.000                     88.6923    79.6691     25.3791
  === FRONT    ELAPSED =   125.7681    
  ======== HYEY    ELAPSED =  3.1250000E-02
  ===== SENS_FD ELAPSED =    3.073242    
   SENS_FD2TD required    2.308838      seconds 
  TD_SENS processed in    2.386719      seconds 
      5 0.5385E-01        73.080         0.000                     73.0805    23.0374     80.2447
                                        1084.8
      5                                                               88.7 Previous Total Ojective Function 


           Minimum       Maximum       Average 
   delpar  -1.0000        0.7276        0.1006        1.0000
    error  -1.8108        1.4909        0.1238


  Reduction is true for nstep =    5


  Reduction Accepted for Alpha = .55578E-01 with Sumsq and Model_Norm =     73.080     0.000


  End of Iteration    16

 -----------------------------------------------------------------------------------

  Created Ínversion Directory D:\EM\SPECTREM\DeGrussa_Detail_T6_Completed\EM2DInv_02\EM2DInv_1\Inversion_01\Line_0011240\Iteration_17\
  Sumsq Sums_Model Sumsq_Total    73.08046      0.0000000E+00   73.08046      at Iteration           17
 -------------------------------------------------------------------------------------


 Searching for Solution in Iteration   17 Icnt_Loop    0 RSVT      0.027


 Number     Alphax   Data_Misfit    Model_Norm    Total_Objective_Function    % Error 

     17 0.4838E-01        73.080         0.000                     73.0805    80.2447     23.0374
  === FRONT    ELAPSED =   126.5791    
  ======== HYEY    ELAPSED =  1.5625000E-02
  ===== SENS_FD ELAPSED =    3.166748    
   SENS_FD2TD required    2.246582      seconds 
  TD_SENS processed in    2.324463      seconds 
      5 0.4838E-01        62.853         0.000                     62.8528    21.3646     79.0514
                                        1137.5
      5                                                               73.1 Previous Total Ojective Function 


           Minimum       Maximum       Average 
   delpar  -1.0000        0.6730        0.0862        1.0000
    error  -1.8123        1.3802        0.1108


  Reduction is true for nstep =    5


  Reduction Accepted for Alpha = .49361E-01 with Sumsq and Model_Norm =     62.853     0.000


  End of Iteration    17

 -----------------------------------------------------------------------------------

  Created Ínversion Directory D:\EM\SPECTREM\DeGrussa_Detail_T6_Completed\EM2DInv_02\EM2DInv_1\Inversion_01\Line_0011240\Iteration_18\
  Sumsq Sums_Model Sumsq_Total    62.85285      0.0000000E+00   62.85285      at Iteration           18
 -------------------------------------------------------------------------------------


 Searching for Solution in Iteration   18 Icnt_Loop    0 RSVT      0.024


 Number     Alphax   Data_Misfit    Model_Norm    Total_Objective_Function    % Error 

     18 0.4297E-01        62.853         0.000                     62.8528    79.0514     21.3646
  === FRONT    ELAPSED =   125.7524    
  ======== HYEY    ELAPSED =  3.1005859E-02
  ===== SENS_FD ELAPSED =    3.073242    
   SENS_FD2TD required    2.261963      seconds 
  TD_SENS processed in    2.324463      seconds 
      5 0.4297E-01        56.406         0.000                     56.4060    20.2393     79.1823
                                        1202.6
      5                                                               62.9 Previous Total Ojective Function 


           Minimum       Maximum       Average 
   delpar  -0.9485        1.0000        0.0904        1.0000
    error  -1.8063        1.2199        0.1026


  Reduction is true for nstep =    5


  Reduction Accepted for Alpha = .43633E-01 with Sumsq and Model_Norm =     56.406     0.000


  End of Iteration    18

 -----------------------------------------------------------------------------------

  Created Ínversion Directory D:\EM\SPECTREM\DeGrussa_Detail_T6_Completed\EM2DInv_02\EM2DInv_1\Inversion_01\Line_0011240\Iteration_19\
  Sumsq Sums_Model Sumsq_Total    56.40605      0.0000000E+00   56.40605      at Iteration           19
 -------------------------------------------------------------------------------------


 Searching for Solution in Iteration   19 Icnt_Loop    0 RSVT      0.021


 Number     Alphax   Data_Misfit    Model_Norm    Total_Objective_Function    % Error 

     19 0.3798E-01        56.406         0.000                     56.4060    79.1823     20.2393
  === FRONT    ELAPSED =   125.7834    
  ======== HYEY    ELAPSED =  1.5625000E-02
  ===== SENS_FD ELAPSED =    3.088867    
   SENS_FD2TD required    2.230713      seconds 
  TD_SENS processed in    2.308838      seconds 
      5 0.3798E-01        49.219         0.000                     49.2189    18.9060     84.5610
                                        1293.6
      5                                                               56.4 Previous Total Ojective Function 


           Minimum       Maximum       Average 
   delpar  -0.7059        1.0000        0.1104        1.0000
    error  -1.8022        1.1552        0.0966


  Reduction is true for nstep =    5


  Reduction Accepted for Alpha = .38607E-01 with Sumsq and Model_Norm =     49.219     0.000


  End of Iteration    19

 -----------------------------------------------------------------------------------

  Created Ínversion Directory D:\EM\SPECTREM\DeGrussa_Detail_T6_Completed\EM2DInv_02\EM2DInv_1\Inversion_01\Line_0011240\Iteration_20\
  Sumsq Sums_Model Sumsq_Total    49.21889      0.0000000E+00   49.21889      at Iteration           20
 -------------------------------------------------------------------------------------


 Searching for Solution in Iteration   20 Icnt_Loop    0 RSVT      0.018


 Number     Alphax   Data_Misfit    Model_Norm    Total_Objective_Function    % Error 

     20 0.3361E-01        49.219         0.000                     49.2189    84.5610     18.9060
  === FRONT    ELAPSED =   125.8459    
  ======== HYEY    ELAPSED =  1.5625000E-02
  ===== SENS_FD ELAPSED =    3.104492    
   SENS_FD2TD required    2.230957      seconds 
  TD_SENS processed in    2.308838      seconds 
      5 0.3361E-01        44.299         0.000                     44.2985    17.9361     89.2735
                                        1399.8
      5                                                               49.2 Previous Total Ojective Function 


           Minimum       Maximum       Average 
   delpar  -1.0000        0.8928        0.1160        1.0000
    error  -1.8948        0.9789        0.0882


  Reduction is true for nstep =    5


  Reduction Accepted for Alpha = .34033E-01 with Sumsq and Model_Norm =     44.299     0.000


  End of Iteration    20

 -----------------------------------------------------------------------------------

  Created Ínversion Directory D:\EM\SPECTREM\DeGrussa_Detail_T6_Completed\EM2DInv_02\EM2DInv_1\Inversion_01\Line_0011240\Iteration_21\
  Sumsq Sums_Model Sumsq_Total    44.29851      0.0000000E+00   44.29851      at Iteration           21
 -------------------------------------------------------------------------------------


 Searching for Solution in Iteration   21 Icnt_Loop    0 RSVT      0.016


 Number     Alphax   Data_Misfit    Model_Norm    Total_Objective_Function    % Error 

     21 0.2963E-01        44.299         0.000                     44.2985    89.2735     17.9361
  === FRONT    ELAPSED =   126.4231    
  ======== HYEY    ELAPSED =  1.5625000E-02
  ===== SENS_FD ELAPSED =    3.166992    
   SENS_FD2TD required    2.293213      seconds 
  TD_SENS processed in    2.371094      seconds 
      5 0.2963E-01        40.910         0.000                     40.9104    17.2365     94.0554
                                        1514.7
      5                                                               44.3 Previous Total Ojective Function 


           Minimum       Maximum       Average 
   delpar  -1.0000        0.8557        0.1177        1.0000
    error  -1.9564        0.8755        0.0813


  Reduction is true for nstep =    5


  Reduction Accepted for Alpha = .29872E-01 with Sumsq and Model_Norm =     40.910     0.000


  End of Iteration    21

 -----------------------------------------------------------------------------------

  Created Ínversion Directory D:\EM\SPECTREM\DeGrussa_Detail_T6_Completed\EM2DInv_02\EM2DInv_1\Inversion_01\Line_0011240\Iteration_22\
  Sumsq Sums_Model Sumsq_Total    40.91041      0.0000000E+00   40.91041      at Iteration           22
 -------------------------------------------------------------------------------------


 Searching for Solution in Iteration   22 Icnt_Loop    0 RSVT      0.015


 Number     Alphax   Data_Misfit    Model_Norm    Total_Objective_Function    % Error 

     22 0.2601E-01        40.910         0.000                     40.9104    94.0554     17.2365
  === FRONT    ELAPSED =   126.2205    
  ======== HYEY    ELAPSED =  3.1250000E-02
  ===== SENS_FD ELAPSED =    3.072998    
   SENS_FD2TD required    2.246582      seconds 
  TD_SENS processed in    2.324463      seconds 
      5 0.2601E-01        38.444         0.000                     38.4439    16.7088     98.6493
                                        1622.4
      5                                                               40.9 Previous Total Ojective Function 


           Minimum       Maximum       Average 
   delpar  -0.7623        1.0000        0.1115        1.0000
    error  -1.9872        0.8252        0.0769


  Reduction is true for nstep =    5


  Reduction Accepted for Alpha = .28864E-01 with Sumsq and Model_Norm =     38.444     0.000


  End of Iteration    22

 -----------------------------------------------------------------------------------

  Created Ínversion Directory D:\EM\SPECTREM\DeGrussa_Detail_T6_Completed\EM2DInv_02\EM2DInv_1\Inversion_01\Line_0011240\Iteration_23\
  Sumsq Sums_Model Sumsq_Total    38.44386      0.0000000E+00   38.44386      at Iteration           23
 -------------------------------------------------------------------------------------


 Searching for Solution in Iteration   23 Icnt_Loop    0 RSVT      0.015


 Number     Alphax   Data_Misfit    Model_Norm    Total_Objective_Function    % Error 

     23 0.2513E-01        38.444         0.000                     38.4439    98.6493     16.7088
  === FRONT    ELAPSED =   125.6433    
  ======== HYEY    ELAPSED =  1.5380859E-02
  ===== SENS_FD ELAPSED =    3.073242    
   SENS_FD2TD required    2.230957      seconds 
  TD_SENS processed in    2.308838      seconds 
      5 0.2513E-01        36.395         0.000                     36.3951    16.2575    104.4266
                                        1741.1
      5                                                               38.4 Previous Total Ojective Function 


           Minimum       Maximum       Average 
   delpar  -0.7835        1.0000        0.1222        1.0000
    error  -2.0196        0.7692        0.0736


  Reduction is true for nstep =    5


  Reduction Accepted for Alpha = .29042E-01 with Sumsq and Model_Norm =     36.395     0.000


  End of Iteration    23

 -----------------------------------------------------------------------------------

  Created Ínversion Directory D:\EM\SPECTREM\DeGrussa_Detail_T6_Completed\EM2DInv_02\EM2DInv_1\Inversion_01\Line_0011240\Iteration_24\
  Sumsq Sums_Model Sumsq_Total    36.39513      0.0000000E+00   36.39513      at Iteration           24
 -------------------------------------------------------------------------------------


 Searching for Solution in Iteration   24 Icnt_Loop    0 RSVT      0.015


 Number     Alphax   Data_Misfit    Model_Norm    Total_Objective_Function    % Error 

     24 0.2528E-01        36.395         0.000                     36.3951   104.4266     16.2575
  === FRONT    ELAPSED =   125.8772    
  ======== HYEY    ELAPSED =  3.1250000E-02
  ===== SENS_FD ELAPSED =    3.073242    
   SENS_FD2TD required    2.261963      seconds 
  TD_SENS processed in    2.324219      seconds 
      5 0.2528E-01        32.858         0.000                     32.8580    15.4473    111.5946
                                        1903.8
      5                                                               36.4 Previous Total Ojective Function 


           Minimum       Maximum       Average 
   delpar  -1.0000        0.9417        0.1546        1.0000
    error  -2.0592        0.7062        0.0705


  Reduction is true for nstep =    5


  Reduction Accepted for Alpha = .29246E-01 with Sumsq and Model_Norm =     32.858     0.000


  End of Iteration    24

 -----------------------------------------------------------------------------------

  Created Ínversion Directory D:\EM\SPECTREM\DeGrussa_Detail_T6_Completed\EM2DInv_02\EM2DInv_1\Inversion_01\Line_0011240\Iteration_25\
  Sumsq Sums_Model Sumsq_Total    32.85802      0.0000000E+00   32.85802      at Iteration           25
 -------------------------------------------------------------------------------------


 Searching for Solution in Iteration   25 Icnt_Loop    0 RSVT      0.015


 Number     Alphax   Data_Misfit    Model_Norm    Total_Objective_Function    % Error 

     25 0.2546E-01        32.858         0.000                     32.8580   111.5946     15.4473
  === FRONT    ELAPSED =   125.7991    
  ======== HYEY    ELAPSED =  1.5625000E-02
  ===== SENS_FD ELAPSED =    3.088867    
   SENS_FD2TD required    2.261963      seconds 
  TD_SENS processed in    2.324463      seconds 
      5 0.2546E-01        30.738         0.000                     30.7380    14.9407    113.8685
                                        1955.8
      5                                                               32.9 Previous Total Ojective Function 


           Minimum       Maximum       Average 
   delpar  -1.0000        0.8273        0.0738        1.0000
    error  -2.0296        0.6533        0.0656


  Reduction is true for nstep =    5


  Reduction Accepted for Alpha = .29292E-01 with Sumsq and Model_Norm =     30.738     0.000


  End of Iteration    25

 -----------------------------------------------------------------------------------

  Created Ínversion Directory D:\EM\SPECTREM\DeGrussa_Detail_T6_Completed\EM2DInv_02\EM2DInv_1\Inversion_01\Line_0011240\Iteration_26\
  Sumsq Sums_Model Sumsq_Total    30.73804      0.0000000E+00   30.73804      at Iteration           26
 -------------------------------------------------------------------------------------


 Searching for Solution in Iteration   26 Icnt_Loop    0 RSVT      0.015


 Number     Alphax   Data_Misfit    Model_Norm    Total_Objective_Function    % Error 

     26 0.2550E-01        30.738         0.000                     30.7380   113.8685     14.9407
  === FRONT    ELAPSED =   126.4856    
  ======== HYEY    ELAPSED =  1.5625000E-02
  ===== SENS_FD ELAPSED =    3.120117    
   SENS_FD2TD required    2.230713      seconds 
  TD_SENS processed in    2.293213      seconds 
      5 0.2550E-01        29.278         0.000                     29.2780    14.5816    113.8071
                                        1999.1
      5                                                               30.7 Previous Total Ojective Function 


           Minimum       Maximum       Average 
   delpar  -1.0000        0.5601        0.0496        1.0000
    error  -1.9873        0.6190        0.0630


  Reduction is true for nstep =    5


  Reduction Accepted for Alpha = .29310E-01 with Sumsq and Model_Norm =     29.278     0.000


  End of Iteration    26

 -----------------------------------------------------------------------------------

  Created Ínversion Directory D:\EM\SPECTREM\DeGrussa_Detail_T6_Completed\EM2DInv_02\EM2DInv_1\Inversion_01\Line_0011240\Iteration_27\
  Sumsq Sums_Model Sumsq_Total    29.27804      0.0000000E+00   29.27804      at Iteration           27
 -------------------------------------------------------------------------------------


 Searching for Solution in Iteration   27 Icnt_Loop    0 RSVT      0.015


 Number     Alphax   Data_Misfit    Model_Norm    Total_Objective_Function    % Error 

     27 0.2552E-01        29.278         0.000                     29.2780   113.8071     14.5816
  === FRONT    ELAPSED =   125.6589    
  ======== HYEY    ELAPSED =  3.1005859E-02
  ===== SENS_FD ELAPSED =    3.057617    
   SENS_FD2TD required    2.215332      seconds 
  TD_SENS processed in    2.277588      seconds 
      5 0.2552E-01        27.334         0.000                     27.3343    14.0892    110.6181
                                        2052.7
      5                                                               29.3 Previous Total Ojective Function 


           Minimum       Maximum       Average 
   delpar  -1.0000        0.7455        0.0468        1.0000
    error  -1.9679        0.5728        0.0612


  Reduction is true for nstep =    5


  Reduction Accepted for Alpha = .29325E-01 with Sumsq and Model_Norm =     27.334     0.000


  End of Iteration    27

 -----------------------------------------------------------------------------------

  Created Ínversion Directory D:\EM\SPECTREM\DeGrussa_Detail_T6_Completed\EM2DInv_02\EM2DInv_1\Inversion_01\Line_0011240\Iteration_28\
  Sumsq Sums_Model Sumsq_Total    27.33433      0.0000000E+00   27.33433      at Iteration           28
 -------------------------------------------------------------------------------------


 Searching for Solution in Iteration   28 Icnt_Loop    0 RSVT      0.015


 Number     Alphax   Data_Misfit    Model_Norm    Total_Objective_Function    % Error 

     28 0.2553E-01        27.334         0.000                     27.3343   110.6181     14.0892
  === FRONT    ELAPSED =   125.7834    
  ======== HYEY    ELAPSED =  3.1250000E-02
  ===== SENS_FD ELAPSED =    3.073242    
   SENS_FD2TD required    2.246338      seconds 
  TD_SENS processed in    2.308838      seconds 
      5 0.2553E-01        25.461         0.000                     25.4611    13.5979    111.7367
                                        2158.2
      5                                                               27.3 Previous Total Ojective Function 


           Minimum       Maximum       Average 
   delpar  -0.7958        1.0000        0.0732        1.0000
    error  -1.9727        0.5407        0.0588


  Reduction is true for nstep =    5


  Reduction Accepted for Alpha = .29364E-01 with Sumsq and Model_Norm =     25.461     0.000


  End of Iteration    28

 -----------------------------------------------------------------------------------

  Created Ínversion Directory D:\EM\SPECTREM\DeGrussa_Detail_T6_Completed\EM2DInv_02\EM2DInv_1\Inversion_01\Line_0011240\Iteration_29\
  Sumsq Sums_Model Sumsq_Total    25.46111      0.0000000E+00   25.46111      at Iteration           29
 -------------------------------------------------------------------------------------


 Searching for Solution in Iteration   29 Icnt_Loop    0 RSVT      0.015


 Number     Alphax   Data_Misfit    Model_Norm    Total_Objective_Function    % Error 

     29 0.2556E-01        25.461         0.000                     25.4611   111.7367     13.5979
  === FRONT    ELAPSED =   125.7991    
  ======== HYEY    ELAPSED =  1.5625000E-02
  ===== SENS_FD ELAPSED =    3.088867    
   SENS_FD2TD required    2.199463      seconds 
  TD_SENS processed in    2.261963      seconds 
      5 0.2556E-01        25.401         0.000                     25.4012    13.5819    112.2486
                                        2242.5
      5                                                               25.5 Previous Total Ojective Function 


           Minimum       Maximum       Average 
   delpar  -0.8633        0.8052        0.0730        1.0000
    error  -1.9881        0.5489        0.0558


  Reduction is true for nstep =    5


  Reduction Accepted for Alpha = .29367E-01 with Sumsq and Model_Norm =     25.401     0.000


  End of Iteration    29

 -----------------------------------------------------------------------------------

  Created Ínversion Directory D:\EM\SPECTREM\DeGrussa_Detail_T6_Completed\EM2DInv_02\EM2DInv_1\Inversion_01\Line_0011240\Iteration_30\
  Sumsq Sums_Model Sumsq_Total    25.40121      0.0000000E+00   25.40121      at Iteration           30
 -------------------------------------------------------------------------------------


 Searching for Solution in Iteration   30 Icnt_Loop    0 RSVT      0.015


 Number     Alphax   Data_Misfit    Model_Norm    Total_Objective_Function    % Error 

     30 0.2557E-01        25.401         0.000                     25.4012   112.2486     13.5819
  === FRONT    ELAPSED =   126.2673    
  ======== HYEY    ELAPSED =  3.0761719E-02
  ===== SENS_FD ELAPSED =    3.166992    
   SENS_FD2TD required    2.215332      seconds 
  TD_SENS processed in    2.293457      seconds 
      5 0.2557E-01        27.238         0.000                     27.2378    14.0643    121.3699
                                        2289.9
      5                                                               25.4 Previous Total Ojective Function 


           Minimum       Maximum       Average 
   delpar  -1.0000        0.4918        0.0526        1.0000
    error  -2.0082        0.5171        0.0549


 ***** Did Not Find  Reduction in Test For Reduction *****


 -------------------------------------------------------------------------------------


 Searching for Solution in Iteration   30 Icnt_Loop    0 RSVT      0.021


 Number     Alphax   Data_Misfit    Model_Norm    Total_Objective_Function    % Error 

     30 0.3615E-01        25.401         0.000                     25.4012   112.2486     13.5819
  === FRONT    ELAPSED =   125.8774    
  ======== HYEY    ELAPSED =  1.5625000E-02
  ===== SENS_FD ELAPSED =    3.104004    
   SENS_FD2TD required    2.246582      seconds 
  TD_SENS processed in    2.309082      seconds 
      5 0.3615E-01        26.293         0.000                     26.2926    13.8181    118.3834
                                        2266.0
      5                                                               25.4 Previous Total Ojective Function 


           Minimum       Maximum       Average 
   delpar  -0.8246        0.5050        0.0346        1.0000
    error  -2.0082        0.5171        0.0549


 ***** Did Not Find  Reduction in Test For Reduction *****


 -------------------------------------------------------------------------------------


 Searching for Solution in Iteration   30 Icnt_Loop    1 RSVT      0.030


 Number     Alphax   Data_Misfit    Model_Norm    Total_Objective_Function    % Error 

     30 0.5873E-01        25.401         0.000                     25.4012   112.2486     13.5819
  === FRONT    ELAPSED =   125.7681    
  ======== HYEY    ELAPSED =  1.5625000E-02
  ===== SENS_FD ELAPSED =    3.088867    
   SENS_FD2TD required    2.199707      seconds 
  TD_SENS processed in    2.262207      seconds 
      5 0.5873E-01        25.501         0.000                     25.5006    13.6084    112.5684
                                        2244.1
      5                                                               25.4 Previous Total Ojective Function 


           Minimum       Maximum       Average 
   delpar  -0.4322        0.3575        0.0201        1.0000
    error  -2.0082        0.5171        0.0549


 ***** Did Not Find  Reduction in Test For Reduction *****


 -------------------------------------------------------------------------------------


 Searching for Solution in Iteration   30 Icnt_Loop    2 RSVT      0.042


 Number     Alphax   Data_Misfit    Model_Norm    Total_Objective_Function    % Error 

     30 0.8305E-01        25.401         0.000                     25.4012   112.2486     13.5819
  === FRONT    ELAPSED =   126.1113    
  ======== HYEY    ELAPSED =  3.1250000E-02
  ===== SENS_FD ELAPSED =    3.197754    
   SENS_FD2TD required    2.230957      seconds 
  TD_SENS processed in    2.293457      seconds 
      5 0.8305E-01        25.115         0.000                     25.1152    13.5052    108.4857
                                        2236.0
      5                                                               25.4 Previous Total Ojective Function 


           Minimum       Maximum       Average 
   delpar  -0.2122        0.2758        0.0139        1.0000
    error  -2.0082        0.5171        0.0549


  Reduction is true for nstep =    5


  Reduction Accepted for Alpha = .83021E-01 with Sumsq and Model_Norm =     25.115     0.000


  End of Iteration    30

 -----------------------------------------------------------------------------------


  ArjunAir inversion completed at 17:50 on 12 MAY 2015

  Computation time =    4546.50 seconds.


====================================================================================

                2.5D   Electromagnetic Modelling / Inversion      
====================================================================================


                 ArjunAir restarted at 16:01 on 13 MAY 2015
                      MPI process used     4 processors 

       The solution will proceeed in slower mode with nky = 21 and nfreq = 28 

      This inversion uses Marquard style damping on parameters on GSVD Decomposition of Model Norm and Sensitivity  Matrices 
                                                     by Jovan Silic   
  Normal Flight Direction 
  S Norm Follows 
           1   235386.5       268817.0    
           2   175528.2       230858.0    
           3   123350.8       184765.0    
           4   82899.31       127672.0    
           5   46247.33       70368.00    
           6   24035.64       27841.34    
           7   15139.14       7006.000    
           8   8794.475       1067.000    
           9   3406.640       100.0000    
          10  1.0000000E-06  0.0000000E+00
          11   210316.8       229952.0    
          12   136540.9       173350.3    
          13   82633.65       118882.0    
          14   43332.34       71253.00    
          15   23898.05       32691.00    
          16   16365.05       10172.33    
          17   11413.53       2036.333    
          18   6968.526       373.3333    
          19   3089.109       213.0000    
          20  1.0000000E-06  0.0000000E+00


  RMS error reduction based on using the Survey norm
  --------------------------------------------------
     PCTCNV =    1.000000    
         MU =            2
       RSVT =   4.1999999E-02
  TGSVD_BND =   0.0000000E+00
     ALPHAS =   9.9999998E-03
     ALPHAX =    1.000000    
     ALPHAZ =    1.000000    
  Model Norm not referenced to the Starting Model 


  Inversion will proceed with input RSVT   4.1999999E-02
  Inversion Solver will be in Single Precision 
  Average length of cells in  z direction is     49.99089    
  Median Value of cell lengths in z direction is     26.01001    
  Length Scale in X direction is    100.0000    
  Length Scale in Z direction is    52.02002    
  Alphas updated to   9.9999998E-03  based on horizontal cell width of    50.00000    
  === FRONT    ELAPSED =   138.6537    
  ======== HYEY    ELAPSED =  3.1188965E-02
  ===== SENS_FD ELAPSED =    3.478821    
   SENS_FD2TD required    2.293213      seconds 
  TD_SENS processed in    2.371216      seconds 
   Alphax determined   8.2197636E-02

  Created Ínversion Directory D:\EM\SPECTREM\DeGrussa_Detail_T6_Completed\EM2DInv\EM2DInv_1\Inversion_01\Line_0011240\Iteration_31\
  Sumsq Sums_Model Sumsq_Total    24.26086      0.0000000E+00   24.26086      at Iteration           31
 -------------------------------------------------------------------------------------


 Searching for Solution in Iteration   31 Icnt_Loop    0 RSVT      0.037


 Number     Alphax   Data_Misfit    Model_Norm    Total_Objective_Function    % Error 

     31 0.7156E-01        24.261         0.000                     24.2609    42.2327     13.5519
  === FRONT    ELAPSED =   133.4900    
  ======== HYEY    ELAPSED =  1.5625000E-02
  ===== SENS_FD ELAPSED =    3.119995    
   SENS_FD2TD required    2.261993      seconds 
  TD_SENS processed in    2.339996      seconds 
      5 0.7156E-01        23.876         0.000                     23.8759    13.4440     42.1604
                                        2243.0
      5                                                               24.3 Previous Total Ojective Function 


           Minimum       Maximum       Average 
   delpar  -0.2127        0.1335        0.0101        1.0000
    error  -1.9991        0.5718        0.0534


  Reduction is true for nstep =    5


  Reduction Accepted for Alpha = .71542E-01 with Sumsq and Model_Norm =     23.876     0.000


  End of Iteration    31

 -----------------------------------------------------------------------------------

  Created Ínversion Directory D:\EM\SPECTREM\DeGrussa_Detail_T6_Completed\EM2DInv\EM2DInv_1\Inversion_01\Line_0011240\Iteration_32\
  Sumsq Sums_Model Sumsq_Total    23.87588      0.0000000E+00   23.87588      at Iteration           32
 -------------------------------------------------------------------------------------


 Searching for Solution in Iteration   32 Icnt_Loop    0 RSVT      0.032


 Number     Alphax   Data_Misfit    Model_Norm    Total_Objective_Function    % Error 

     32 0.6228E-01        23.876         0.000                     23.8759    42.1604     13.4440
  === FRONT    ELAPSED =   133.7708    
  ======== HYEY    ELAPSED =  3.1219482E-02
  ===== SENS_FD ELAPSED =    3.151215    
   SENS_FD2TD required    2.355621      seconds 
  TD_SENS processed in    2.449219      seconds 
      5 0.6228E-01        23.760         0.000                     23.7601    13.4114     42.3042
                                        2254.0
      5                                                               23.9 Previous Total Ojective Function 


           Minimum       Maximum       Average 
   delpar  -0.3518        0.2290        0.0100        1.0000
    error  -1.9875        0.5524        0.0532


  Reduction is true for nstep =    5


  Reduction Accepted for Alpha = .62274E-01 with Sumsq and Model_Norm =     23.760     0.000


  End of Iteration    32

 -----------------------------------------------------------------------------------

  Created Ínversion Directory D:\EM\SPECTREM\DeGrussa_Detail_T6_Completed\EM2DInv\EM2DInv_1\Inversion_01\Line_0011240\Iteration_33\
  Sumsq Sums_Model Sumsq_Total    23.76008      0.0000000E+00   23.76008      at Iteration           33
 -------------------------------------------------------------------------------------


 Searching for Solution in Iteration   33 Icnt_Loop    0 RSVT      0.028


 Number     Alphax   Data_Misfit    Model_Norm    Total_Objective_Function    % Error 

     33 0.5421E-01        23.760         0.000                     23.7601    42.3042     13.4114
  === FRONT    ELAPSED =   134.1765    
  ======== HYEY    ELAPSED =  3.1188965E-02
  ===== SENS_FD ELAPSED =    3.463257    
   SENS_FD2TD required    2.293213      seconds 
  TD_SENS processed in    2.371216      seconds 
      5 0.5421E-01        23.724         0.000                     23.7236    13.4011     42.5081
                                        2267.4
      5                                                               23.8 Previous Total Ojective Function 


           Minimum       Maximum       Average 
   delpar  -0.3991        0.4014        0.0130        1.0000
    error  -1.9937        0.5471        0.0530


  Reduction is true for nstep =    5


  Reduction Accepted for Alpha = .54210E-01 with Sumsq and Model_Norm =     23.724     0.000


  End of Iteration    33

 -----------------------------------------------------------------------------------

  Created Ínversion Directory D:\EM\SPECTREM\DeGrussa_Detail_T6_Completed\EM2DInv\EM2DInv_1\Inversion_01\Line_0011240\Iteration_34\
  Sumsq Sums_Model Sumsq_Total    23.72363      0.0000000E+00   23.72363      at Iteration           34
 -------------------------------------------------------------------------------------


 Searching for Solution in Iteration   34 Icnt_Loop    0 RSVT      0.024


 Number     Alphax   Data_Misfit    Model_Norm    Total_Objective_Function    % Error 

     34 0.4719E-01        23.724         0.000                     23.7236    42.5081     13.4011
  === FRONT    ELAPSED =   133.0533    
  ======== HYEY    ELAPSED =  3.1188965E-02
  ===== SENS_FD ELAPSED =    3.385254    
   SENS_FD2TD required    2.262024      seconds 
  TD_SENS processed in    2.340027      seconds 
      5 0.4719E-01        23.666         0.000                     23.6657    13.3847     42.5606
                                        2282.7
      5                                                               23.7 Previous Total Ojective Function 


           Minimum       Maximum       Average 
   delpar  -0.2312        0.5997        0.0172        1.0000
    error  -2.0030        0.5353        0.0528


  Reduction is true for nstep =    5


  Reduction Accepted for Alpha = .47191E-01 with Sumsq and Model_Norm =     23.666     0.000


  End of Iteration    34

 -----------------------------------------------------------------------------------

  Created Ínversion Directory D:\EM\SPECTREM\DeGrussa_Detail_T6_Completed\EM2DInv\EM2DInv_1\Inversion_01\Line_0011240\Iteration_35\
  Sumsq Sums_Model Sumsq_Total    23.66568      0.0000000E+00   23.66568      at Iteration           35
 -------------------------------------------------------------------------------------


 Searching for Solution in Iteration   35 Icnt_Loop    0 RSVT      0.021


 Number     Alphax   Data_Misfit    Model_Norm    Total_Objective_Function    % Error 

     35 0.4108E-01        23.666         0.000                     23.6657    42.5606     13.3847
  === FRONT    ELAPSED =   133.1625    
  ======== HYEY    ELAPSED =  1.5563965E-02
  ===== SENS_FD ELAPSED =    3.135620    
   SENS_FD2TD required    2.277588      seconds 
  TD_SENS processed in    2.340027      seconds 
      5 0.4108E-01        23.599         0.000                     23.5994    13.3659     42.3250
                                        2296.7
      5                                                               23.7 Previous Total Ojective Function 


           Minimum       Maximum       Average 
   delpar  -0.3434        0.4078        0.0193        1.0000
    error  -2.0096        0.5361        0.0527


  Reduction is true for nstep =    5


  Reduction Accepted for Alpha = .41082E-01 with Sumsq and Model_Norm =     23.599     0.000


  End of Iteration    35

 -----------------------------------------------------------------------------------

  Created Ínversion Directory D:\EM\SPECTREM\DeGrussa_Detail_T6_Completed\EM2DInv\EM2DInv_1\Inversion_01\Line_0011240\Iteration_36\
  Sumsq Sums_Model Sumsq_Total    23.59936      0.0000000E+00   23.59936      at Iteration           36
 -------------------------------------------------------------------------------------


 Searching for Solution in Iteration   36 Icnt_Loop    0 RSVT      0.018


 Number     Alphax   Data_Misfit    Model_Norm    Total_Objective_Function    % Error 

     36 0.3576E-01        23.599         0.000                     23.5994    42.3250     13.3659
  === FRONT    ELAPSED =   134.0829    
  ======== HYEY    ELAPSED =  3.1188965E-02
  ===== SENS_FD ELAPSED =    3.151184    
   SENS_FD2TD required    2.246399      seconds 
  TD_SENS processed in    2.324402      seconds 
      5 0.3576E-01        23.533         0.000                     23.5328    13.3471     42.2346
                                        2319.5
      5                                                               23.6 Previous Total Ojective Function 


           Minimum       Maximum       Average 
   delpar  -0.5034        0.4023        0.0252        1.0000
    error  -2.0037        0.5381        0.0527


  Reduction is true for nstep =    5


  Reduction Accepted for Alpha = .35766E-01 with Sumsq and Model_Norm =     23.533     0.000


  End of Iteration    36

 -----------------------------------------------------------------------------------

  Created Ínversion Directory D:\EM\SPECTREM\DeGrussa_Detail_T6_Completed\EM2DInv\EM2DInv_1\Inversion_01\Line_0011240\Iteration_37\
  Sumsq Sums_Model Sumsq_Total    23.53280      0.0000000E+00   23.53280      at Iteration           37
 -------------------------------------------------------------------------------------


 Searching for Solution in Iteration   37 Icnt_Loop    0 RSVT      0.016


 Number     Alphax   Data_Misfit    Model_Norm    Total_Objective_Function    % Error 

     37 0.3114E-01        23.533         0.000                     23.5328    42.2346     13.3471
  === FRONT    ELAPSED =   133.6772    
  ======== HYEY    ELAPSED =  3.1127930E-02
  ===== SENS_FD ELAPSED =    3.510132    
   SENS_FD2TD required    2.262085      seconds 
  TD_SENS processed in    2.324463      seconds 
      5 0.3114E-01        23.865         0.000                     23.8652    13.4410     41.9210
                                        2339.5
      5                                                               23.5 Previous Total Ojective Function 


           Minimum       Maximum       Average 
   delpar  -0.9797        0.5533        0.0358        1.0000
    error  -2.0062        0.5505        0.0525


 ***** Did Not Find  Reduction in Test For Reduction *****


 -------------------------------------------------------------------------------------


 Searching for Solution in Iteration   37 Icnt_Loop    0 RSVT      0.023


 Number     Alphax   Data_Misfit    Model_Norm    Total_Objective_Function    % Error 

     37 0.4403E-01        23.533         0.000                     23.5328    42.2346     13.3471
  === FRONT    ELAPSED =   133.2092    
  ======== HYEY    ELAPSED =  3.1250000E-02
  ===== SENS_FD ELAPSED =    3.354004    
   SENS_FD2TD required    2.261963      seconds 
  TD_SENS processed in    2.339966      seconds 
      5 0.4403E-01        23.650         0.000                     23.6500    13.3802     41.9751
                                        2326.6
      5                                                               23.5 Previous Total Ojective Function 


           Minimum       Maximum       Average 
   delpar  -0.6539        0.4604        0.0162        1.0000
    error  -2.0062        0.5505        0.0525


 ***** Did Not Find  Reduction in Test For Reduction *****


 -------------------------------------------------------------------------------------


 Searching for Solution in Iteration   37 Icnt_Loop    1 RSVT      0.032


 Number     Alphax   Data_Misfit    Model_Norm    Total_Objective_Function    % Error 

     37 0.6226E-01        23.533         0.000                     23.5328    42.2346     13.3471
  === FRONT    ELAPSED =   133.6461    
  ======== HYEY    ELAPSED =  1.5625000E-02
  ===== SENS_FD ELAPSED =    3.135620    
   SENS_FD2TD required    2.277710      seconds 
  TD_SENS processed in    2.355713      seconds 
      5 0.6226E-01        23.528         0.000                     23.5275    13.3455     42.0820
                                        2321.0
      5                                                               23.5 Previous Total Ojective Function 


           Minimum       Maximum       Average 
   delpar  -0.3343        0.3340        0.0071        1.0000
    error  -2.0062        0.5505        0.0525


  Reduction is true for nstep =    5


  Reduction Accepted for Alpha = .62269E-01 with Sumsq and Model_Norm =     23.528     0.000


  End of Iteration    37

 -----------------------------------------------------------------------------------


  ArjunAir inversion completed at 16:25 on 13 MAY 2015

  Computation time =    1431.54 seconds.


