

  ArjunAir task started at 18:28 on 05 MAY 2015


                        ArjunAir - Version 7.0.5  26 September 2007
                        Develped by: gLENN wILSON, Art Raiche and Fred Sugeng
                                for: AMIRA project P223F




 Tempest Transmitter Waveform Sample Time information

  TDFD =  1   DO3D =-20   PRFL =  2    ISTOP = 0

  ISW =  -5   NSX =   1   STEP = 1    UNITS =   3  NCHNL =  10
  KRXW =  2   OFFTYM =   0.000    


         +-----------------------------------------+
         +   Airborne System Information           +
         +   100 Percent Duty Cycle STEP Response  +
         +   for Rectangular Waveform              +
         +   B output will be in fT             +
         +-----------------------------------------+

     Peak Current =   1.0 amps.
     Single pulse response to step current turn-off.

         Receiver Window Specifications (ms)
         -----------------------------------

       Window     Open        Close      Width      Centre
       ------     ----        -----      -----      ------
          1       0.026       0.026      0.000       0.026
          2       0.052       0.078      0.026       0.065
          3       0.104       0.182      0.078       0.143
          4       0.208       0.391      0.182       0.299
          5       0.417       0.807      0.391       0.612
          6       0.833       1.641      0.807       1.237
          7       1.667       3.307      1.641       2.487
          8       3.333       6.641      3.307       4.987
          9       6.667      13.307      6.641       9.987
         10      13.320      19.987      6.667      16.654

  CMP =  2    KPPM = 123
  Inclination angle of transmitter in level flight =  0.0 degrees (front up)

  Tx area =  400000 m^2;    NTRN = 1

  Initial Rx offset relative to Tx:   41.0 Below,  121.0 Behind,   0.0 Left


  --------------------------------------
  Inversion Controls & Data for ArjunAir
  --------------------------------------

  Joint Inversion of Time-Domain Vertical & In-Line Component Data.

  The data to be inverted has been normalised to ppm.


  NSTAT =  40   SURVEY = 2   BAROMTRC = 0   KCMP =  13   ORDER = 1

  Time-Domain Data Floor =   1583.     ppm

  N0STAT =   0   N0CHNL =  0   N0PTS =   0

  All data have the weighting RWTS= 1


     Line   Station   East       North     Alt                     Vertical Component Data
     ----   -------   ----       -----     ---                     -----------------------
        0      1    734923.   7173087.5        93.0 216473.4   0.1466E+06   0.6937E+05   0.2531E+05    8148.        2505.        793.4        400.4        128.6        0.000    
        0      2    734923.   7173017.5        89.0 214358.8   0.1342E+06   0.6077E+05   0.2176E+05    6680.        2043.        769.6        403.0        178.0        0.000    
        0      3    734923.   7172947.5        87.7 193641.0   0.9420E+05   0.4338E+05   0.1732E+05    5641.        1741.        734.6        374.8        164.6        0.000    
        0      4    734923.   7172877.5        88.9 184257.8   0.8680E+05   0.4106E+05   0.1736E+05    5367.        1636.        662.6        317.8        127.4        0.000    
        0      5    734924.   7172807.5        89.1 196723.2   0.1007E+06   0.4712E+05   0.1960E+05    5434.        1580.        571.2        254.8        79.40        0.000    
        0      6    734924.   7172737.5        90.1 215116.8   0.1153E+06   0.5109E+05   0.2009E+05    5480.        1517.        479.0        206.4        41.00        0.000    
        0      7    734925.   7172668.5        91.8 233922.0   0.1348E+06   0.5951E+05   0.2109E+05    5700.        1479.        449.4        187.2        60.00        0.000    
        0      8    734926.   7172601.0        93.8 250963.4   0.1593E+06   0.7723E+05   0.2592E+05    6560.        1503.        470.0        181.2        98.80        0.000    
        0      9    734926.   7172531.5        95.5 264183.0   0.1848E+06   0.9854E+05   0.3550E+05    8571.        1623.        472.6        154.4        84.00        0.000    
        0     10    734925.   7172461.5        95.7 270491.4   0.2007E+06   0.1158E+06   0.4593E+05   0.1122E+05    1875.        449.0        91.00       -21.60        0.000    
        0     11    734925.   7172391.5        94.7 262714.2   0.1955E+06   0.1158E+06   0.4841E+05   0.1259E+05    2196.        480.8        65.00       -73.40        0.000    
        0     12    734925.   7172321.5        93.9 239697.2   0.1755E+06   0.1043E+06   0.4482E+05   0.1274E+05    2630.        660.8        151.4       -16.00        0.000    
        0     13    734925.   7172251.5        93.1 243323.4   0.1794E+06   0.1053E+06   0.4415E+05   0.1307E+05    3310.        995.2        327.6        95.60        0.000    
        0     14    734925.   7172183.5        94.5 258985.4   0.1928E+06   0.1124E+06   0.4610E+05   0.1428E+05    4361.        1546.        640.8        232.0        0.000    
        0     15    734926.   7172115.5        95.8 244144.4   0.1741E+06   0.9918E+05   0.4234E+05   0.1514E+05    5578.        2299.        1050.        365.2        0.000    
        0     16    734926.   7172045.0        95.0 207681.9   0.1303E+06   0.7360E+05   0.3458E+05   0.1470E+05    5976.        2553.        1202.        380.1        0.000    
        0     17    734927.   7171975.0        93.9 170385.9   0.9872E+05   0.5409E+05   0.2556E+05   0.1077E+05    3653.        955.3        367.5        107.9        0.000    
        0     18    734928.   7171905.0        94.2 146676.0   0.8298E+05   0.4493E+05   0.2233E+05   0.1013E+05    4161.        1461.        513.8        177.2        0.000    
        0     19    734928.   7171835.0        96.1 132355.0   0.7960E+05   0.5991E+05   0.4278E+05   0.3143E+05   0.2279E+05   0.1545E+05    9014.        3644.        0.000    
        0     20    734928.   7171767.0        98.3 117919.9   0.7629E+05   0.7328E+05   0.6138E+05   0.5096E+05   0.4036E+05   0.2932E+05   0.1786E+05    6794.        0.000    
        0     21    734928.   7171699.0        98.1 112691.2   0.6836E+05   0.6096E+05   0.5351E+05   0.4608E+05   0.3795E+05   0.2896E+05   0.1877E+05    7858.        0.000    
        0     22    734929.   7171628.5        96.9 120995.2   0.6601E+05   0.4682E+05   0.3866E+05   0.3339E+05   0.2803E+05   0.2214E+05   0.1507E+05    6654.        0.000    
        0     23    734930.   7171558.5        96.6 136176.1   0.8064E+05   0.5465E+05   0.4172E+05   0.3438E+05   0.2789E+05   0.2131E+05   0.1410E+05    6211.        0.000    
        0     24    734932.   7171488.5        96.2 136218.2   0.8970E+05   0.6494E+05   0.4990E+05   0.4003E+05   0.3148E+05   0.2301E+05   0.1430E+05    5249.        0.000    
        0     25    734933.   7171418.5        95.7 128775.2   0.8249E+05   0.5687E+05   0.4216E+05   0.3224E+05   0.2496E+05   0.1794E+05   0.1095E+05    3651.        0.000    
        0     26    734934.   7171348.5        95.7 127947.6   0.7369E+05   0.4761E+05   0.3055E+05   0.2152E+05   0.1575E+05   0.1091E+05    6609.        2482.        0.000    
        0     27    734935.   7171278.5        94.7 126906.4   0.6612E+05   0.4071E+05   0.2529E+05   0.1659E+05   0.1152E+05    7685.        4809.        1830.        0.000    
        0     28    734936.   7171208.0        92.4 119801.2   0.6395E+05   0.3453E+05   0.2051E+05   0.1275E+05    8491.        5669.        3639.        1392.        0.000    
        0     29    734936.   7171137.0        91.6 122017.6   0.6889E+05   0.3254E+05   0.1569E+05    8816.        5515.        3591.        2173.        772.2        0.000    
        0     30    734935.   7171064.5        91.9 145346.8   0.8103E+05   0.3629E+05   0.1379E+05    6493.        3821.        2502.        1471.        596.4        0.000    
        0     31    734934.   7170994.0        92.5 167927.4   0.9468E+05   0.4159E+05   0.1437E+05    5190.        2532.        1654.        1055.        453.0        0.000    
        0     32    734931.   7170924.0        93.5 183126.0   0.1060E+06   0.4738E+05   0.1677E+05    4892.        1823.        1153.        832.2        411.0        0.000    
        0     33    734928.   7170854.0        94.2 183772.0   0.1068E+06   0.5066E+05   0.1900E+05    5222.        1683.        929.6        671.2        372.0        0.000    
        0     34    734925.   7170784.0        93.9 176994.2   0.1009E+06   0.5187E+05   0.2044E+05    5525.        1582.        776.0        490.0        300.0        0.000    
        0     35    734923.   7170714.0        91.3 185872.0   0.1115E+06   0.5834E+05   0.2182E+05    5609.        1371.        613.6        220.6        137.6        0.000    
        0     36    734922.   7170641.0        91.3 204086.0   0.1304E+06   0.6571E+05   0.2305E+05    5598.        1160.        483.8        55.20       -26.40        0.000    
        0     37    734922.   7170568.5        90.7 207401.8   0.1324E+06   0.6634E+05   0.2308E+05    5568.        1133.        406.6        135.0       -18.40        0.000    
        0     38    734923.   7170499.0        89.7 196197.0   0.1237E+06   0.6188E+05   0.2207E+05    5726.        1189.        305.8        191.6        57.60        0.000    
        0     39    734924.   7170429.0        90.2 179677.4   0.1088E+06   0.5450E+05   0.2113E+05    6270.        1235.        125.2        135.6        69.80        0.000    
        0     40    734926.   7170356.5        91.4 170980.6   0.9967E+05   0.5172E+05   0.2203E+05    7239.        1515.        63.40        87.60        40.60        0.000    


     Line   Station   East       North     Alt                     Horizontal In-line Component Data
     ----   -------   ----       -----     ---                     ----------------------------------
        0      1    734923.   7173087.5        93.0 175483.0   0.7655E+05   0.2440E+05    3272.       -417.8       -147.0        160.0        199.2        169.2        0.000    
        0      2    734923.   7173017.5        89.0 168519.6   0.5941E+05   0.1787E+05    3257.       -251.4       -103.4        132.8        131.0        123.6        0.000    
        0      3    734923.   7172947.5        87.7 165268.6   0.5641E+05   0.1761E+05    4538.        353.0        66.80        73.60        60.60        73.60        0.000    
        0      4    734923.   7172877.5        88.9 156833.6   0.5937E+05   0.1819E+05    5318.        399.8       -106.6       -14.00       -11.00        19.40        0.000    
        0      5    734924.   7172807.5        89.1 148060.4   0.5716E+05   0.1607E+05    3963.        60.40       -303.0       -108.8       -73.80       -27.40        0.000    
        0      6    734924.   7172737.5        90.1 172492.2   0.6858E+05   0.1959E+05    3855.      -0.4000       -397.8       -207.6       -117.0       -49.40        0.000    
        0      7    734925.   7172668.5        91.8 214519.4   0.1025E+06   0.3652E+05    8046.        512.6       -434.2       -302.6       -140.6       -73.80        0.000    
        0      8    734926.   7172601.0        93.8 236170.2   0.1284E+06   0.5376E+05   0.1532E+05    2067.       -250.6       -303.8       -122.6       -70.00        0.000    
        0      9    734926.   7172531.5        95.5 241817.8   0.1386E+06   0.6371E+05   0.2109E+05    3898.        171.8       -161.6       -11.40        48.80        0.000    
        0     10    734925.   7172461.5        95.7 238331.2   0.1347E+06   0.6146E+05   0.2081E+05    4547.        577.6        55.60        93.60        112.2        0.000    
        0     11    734925.   7172391.5        94.7 234441.2   0.1278E+06   0.5444E+05   0.1718E+05    4166.        750.6        129.4        125.8        102.0        0.000    
        0     12    734925.   7172321.5        93.9 241671.4   0.1358E+06   0.5856E+05   0.1746E+05    4009.        853.4        122.6        147.2        110.2        0.000    
        0     13    734925.   7172251.5        93.1 249879.8   0.1478E+06   0.6675E+05   0.1992E+05    4211.        910.6        120.8        168.0        139.6        0.000    
        0     14    734925.   7172183.5        94.5 232451.4   0.1324E+06   0.5799E+05   0.1718E+05    4012.        897.2        140.0        186.8        167.4        0.000    
        0     15    734926.   7172115.5        95.8 197795.6   0.1012E+06   0.4082E+05   0.1243E+05    3506.        864.0        186.2        168.6        145.8        0.000    
        0     16    734926.   7172045.0        95.0 158675.5   0.7401E+05   0.3018E+05   0.1068E+05    3690.        1386.        634.7        323.7        152.9        0.000    
        0     17    734927.   7171975.0        93.9 122452.5   0.5971E+05   0.3012E+05   0.1567E+05    9760.        7045.        4996.        3203.        1765.        0.000    
        0     18    734928.   7171905.0        94.2 105397.4   0.5528E+05   0.4219E+05   0.3374E+05   0.2845E+05   0.2326E+05   0.1752E+05   0.1163E+05    6376.        0.000    
        0     19    734928.   7171835.0        96.1 112028.2   0.5412E+05   0.5201E+05   0.4687E+05   0.4191E+05   0.3518E+05   0.2715E+05   0.1817E+05    9322.        0.000    
        0     20    734928.   7171767.0        98.3 122211.1   0.5011E+05   0.3606E+05   0.3153E+05   0.2852E+05   0.2442E+05   0.1916E+05   0.1250E+05    5341.        0.000    
        0     21    734928.   7171699.0        98.1 134368.8   0.5243E+05   0.2317E+05   0.1570E+05   0.1312E+05   0.1080E+05    8065.        5375.        1616.        0.000    
        0     22    734929.   7171628.5        96.9 137546.0   0.5889E+05   0.2625E+05   0.1384E+05    9279.        6192.        2666.       -178.1       -2060.        0.000    
        0     23    734930.   7171558.5        96.6 130741.7   0.6128E+05   0.3682E+05   0.2311E+05   0.1637E+05   0.1149E+05    5717.       -190.0       -3021.        0.000    
        0     24    734932.   7171488.5        96.2 115868.2   0.5016E+05   0.3303E+05   0.2382E+05   0.1734E+05   0.1205E+05    6510.        763.2       -2936.        0.000    
        0     25    734933.   7171418.5        95.7 104973.2   0.4182E+05   0.2550E+05   0.1927E+05   0.1328E+05    8897.        4719.        1386.       -2034.        0.000    
        0     26    734934.   7171348.5        95.7  99738.2   0.4391E+05   0.2274E+05   0.1588E+05   0.1043E+05    7201.        4040.        2046.       -249.2        0.000    
        0     27    734935.   7171278.5        94.7  99955.4   0.4780E+05   0.2066E+05   0.1069E+05    6836.        4569.        2746.        1352.      -0.3639        0.000    
        0     28    734936.   7171208.0        92.4 132149.8   0.5443E+05   0.2100E+05    5218.        2868.        1524.        859.8        204.2       -523.6        0.000    
        0     29    734936.   7171137.0        91.6 180173.0   0.6896E+05   0.2369E+05    3576.        205.4       -174.6       -313.8       -480.8       -674.6        0.000    
        0     30    734935.   7171064.5        91.9 187573.8   0.7905E+05   0.2657E+05    5401.       -31.59       -202.0       -205.8       -185.8       -85.59        0.000    
        0     31    734934.   7170994.0        92.5 176510.6   0.7617E+05   0.2698E+05    6838.        246.6       -337.0       -266.4       -174.6       -67.40        0.000    
        0     32    734931.   7170924.0        93.5 167082.2   0.7103E+05   0.2529E+05    6921.        364.6       -396.0       -285.6       -197.8       -123.0        0.000    
        0     33    734928.   7170854.0        94.2 167648.6   0.7103E+05   0.2447E+05    6306.        370.4       -383.6       -240.8       -142.8       -66.60        0.000    
        0     34    734925.   7170784.0        93.9 198231.8   0.9261E+05   0.3231E+05    7439.        593.8       -277.4       -128.8        35.20        111.8        0.000    
        0     35    734923.   7170714.0        91.3 242662.8   0.1258E+06   0.4763E+05   0.1106E+05    1196.       -128.2       -7.600        233.8        225.4        0.000    
        0     36    734922.   7170641.0        91.3 258409.8   0.1385E+06   0.5516E+05   0.1326E+05    1746.       -10.40       0.6000        238.2        164.8        0.000    
        0     37    734922.   7170568.5        90.7 252873.4   0.1335E+06   0.5422E+05   0.1351E+05    2173.       0.6000       -149.2        105.2        99.60        0.000    
        0     38    734923.   7170499.0        89.7 231127.2   0.1159E+06   0.4655E+05   0.1291E+05    2668.        135.6       -123.4        21.40        99.60        0.000    
        0     39    734924.   7170429.0        90.2 201885.2   0.9468E+05   0.3671E+05   0.1183E+05    3219.        391.6        30.40        38.40        104.2        0.000    
        0     40    734926.   7170356.5        91.4 177937.6   0.7724E+05   0.3031E+05   0.1043E+05    2971.        453.8        133.2        83.20        108.2        0.000    

  Time-Domain Data Floor =   1583.     ppm

  Station   Vertical Weights
  -------   ----------------
         1   1 1 1 0 1 1 1 1 1 0
         2   1 1 1 0 1 1 1 1 1 0
         3   1 1 1 0 1 1 1 1 1 0
         4   1 1 1 0 1 1 1 1 1 0
         5   1 1 1 0 1 1 1 1 0 0
         6   1 1 1 0 1 1 1 1 0 0
         7   1 1 1 0 1 1 1 1 0 0
         8   1 1 1 0 1 1 1 1 1 0
         9   1 1 1 0 1 1 1 1 1 0
        10   1 1 1 0 1 1 1 0 0 0
        11   1 1 1 0 1 1 1 0 0 0
        12   1 1 1 0 1 1 1 1 0 0
        13   1 1 1 0 1 1 1 1 1 0
        14   1 1 1 0 1 1 1 1 1 0
        15   1 1 1 0 1 1 1 1 1 0
        16   1 1 1 0 1 1 1 1 1 0
        17   1 1 1 0 1 1 1 1 1 0
        18   1 1 1 0 1 1 1 1 1 0
        19   1 1 1 0 1 1 1 1 1 0
        20   1 1 1 0 1 1 1 1 1 0
        21   1 1 1 0 1 1 1 1 1 0
        22   1 1 1 0 1 1 1 1 1 0
        23   1 1 1 0 1 1 1 1 1 0
        24   1 1 1 0 1 1 1 1 1 0
        25   1 1 1 0 1 1 1 1 1 0
        26   1 1 1 0 1 1 1 1 1 0
        27   1 1 1 0 1 1 1 1 1 0
        28   1 1 1 0 1 1 1 1 1 0
        29   1 1 1 0 1 1 1 1 1 0
        30   1 1 1 0 1 1 1 1 1 0
        31   1 1 1 0 1 1 1 1 1 0
        32   1 1 1 0 1 1 1 1 1 0
        33   1 1 1 0 1 1 1 1 1 0
        34   1 1 1 0 1 1 1 1 1 0
        35   1 1 1 0 1 1 1 1 1 0
        36   1 1 1 0 1 1 1 0 0 0
        37   1 1 1 0 1 1 1 1 0 0
        38   1 1 1 0 1 1 1 1 0 0
        39   1 1 1 0 1 1 0 1 0 0
        40   1 1 1 0 1 1 0 0 0 0

  Station   Horizontal In-line Weights
  -------   --------------------------
         1   1 1 1 1 1 0 0 1 1 0
         2   1 1 1 1 0 0 0 0 1 0
         3   1 1 1 1 0 0 0 0 0 0
         4   1 1 1 1 1 0 0 0 0 0
         5   1 1 1 1 0 1 0 0 0 0
         6   1 1 1 1 0 1 1 0 0 0
         7   1 1 1 1 1 1 1 1 0 0
         8   1 1 1 1 1 0 1 0 0 0
         9   1 1 1 1 1 0 0 0 0 0
        10   1 1 1 1 1 1 0 0 1 0
        11   1 1 1 1 1 1 0 0 1 0
        12   1 1 1 1 1 1 0 1 1 0
        13   1 1 1 1 1 1 0 1 1 0
        14   1 1 1 1 1 1 0 1 1 0
        15   1 1 1 1 1 1 0 1 1 0
        16   1 1 1 1 1 1 1 1 1 0
        17   1 1 1 1 1 1 1 1 1 0
        18   1 1 1 1 1 1 1 1 1 0
        19   1 1 1 1 1 1 1 1 1 0
        20   1 1 1 1 1 1 1 1 1 0
        21   1 1 1 1 1 1 1 1 1 0
        22   1 1 1 1 1 1 1 1 1 0
        23   1 1 1 1 1 1 1 1 1 0
        24   1 1 1 1 1 1 1 1 1 0
        25   1 1 1 1 1 1 1 1 1 0
        26   1 1 1 1 1 1 1 1 1 0
        27   1 1 1 1 1 1 1 1 0 0
        28   1 1 1 1 1 1 1 1 1 0
        29   1 1 1 1 0 0 1 1 1 0
        30   1 1 1 1 0 0 1 1 0 0
        31   1 1 1 1 0 1 1 1 0 0
        32   1 1 1 1 0 1 1 1 1 0
        33   1 1 1 1 0 1 1 1 0 0
        34   1 1 1 1 1 1 0 0 1 0
        35   1 1 1 1 1 0 0 1 1 0
        36   1 1 1 1 1 0 0 1 1 0
        37   1 1 1 1 1 0 0 0 1 0
        38   1 1 1 1 1 0 0 0 1 0
        39   1 1 1 1 1 1 0 0 1 0
        40   1 1 1 1 1 1 0 0 1 0


     LITHOLOGY AND MESH DESCRIPTION
     ------------------------------

  Number of node rows =  21    Number of node columns =  35    NLITH =681
  EASTD1  =  734933.    
  NORTHD1 = 0.717340E+07


                          LITHOLOGY PROPERTIES
                          --------------------

                                  Relative   Relative     Cole-Cole Parameters
        Resistivity  Conductance     MU     Dielectric   CHRG    CTAU       CFREQ

   1      75.00          1.0       1.000      1.000      0.00    0.00        1.00
   2      4000.          1.0       1.000      1.000      0.00    0.00        1.00
   3      4000.          1.0       1.000      1.000      0.00    0.00        1.00
   4      4000.          1.0       1.000      1.000      0.00    0.00        1.00
   5      4000.          1.0       1.000      1.000      0.00    0.00        1.00
   6      4000.          1.0       1.000      1.000      0.00    0.00        1.00
   7      4000.          1.0       1.000      1.000      0.00    0.00        1.00
   8      4000.          1.0       1.000      1.000      0.00    0.00        1.00
   9      4000.          1.0       1.000      1.000      0.00    0.00        1.00
  10      4000.          1.0       1.000      1.000      0.00    0.00        1.00
  11      4000.          1.0       1.000      1.000      0.00    0.00        1.00
  12      4000.          1.0       1.000      1.000      0.00    0.00        1.00
  13      4000.          1.0       1.000      1.000      0.00    0.00        1.00
  14      4000.          1.0       1.000      1.000      0.00    0.00        1.00
  15      4000.          1.0       1.000      1.000      0.00    0.00        1.00
  16      4000.          1.0       1.000      1.000      0.00    0.00        1.00
  17      4000.          1.0       1.000      1.000      0.00    0.00        1.00
  18      4000.          1.0       1.000      1.000      0.00    0.00        1.00
  19      4000.          1.0       1.000      1.000      0.00    0.00        1.00
  20      4000.          1.0       1.000      1.000      0.00    0.00        1.00
  21      4000.          1.0       1.000      1.000      0.00    0.00        1.00
  22      4000.          1.0       1.000      1.000      0.00    0.00        1.00
  23      4000.          1.0       1.000      1.000      0.00    0.00        1.00
  24      4000.          1.0       1.000      1.000      0.00    0.00        1.00
  25      4000.          1.0       1.000      1.000      0.00    0.00        1.00
  26      4000.          1.0       1.000      1.000      0.00    0.00        1.00
  27      4000.          1.0       1.000      1.000      0.00    0.00        1.00
  28      4000.          1.0       1.000      1.000      0.00    0.00        1.00
  29      4000.          1.0       1.000      1.000      0.00    0.00        1.00
  30      4000.          1.0       1.000      1.000      0.00    0.00        1.00
  31      4000.          1.0       1.000      1.000      0.00    0.00        1.00
  32      4000.          1.0       1.000      1.000      0.00    0.00        1.00
  33      4000.          1.0       1.000      1.000      0.00    0.00        1.00
  34      4000.          1.0       1.000      1.000      0.00    0.00        1.00
  35      4000.          1.0       1.000      1.000      0.00    0.00        1.00
  36      4000.          1.0       1.000      1.000      0.00    0.00        1.00
  37      4000.          1.0       1.000      1.000      0.00    0.00        1.00
  38      4000.          1.0       1.000      1.000      0.00    0.00        1.00
  39      4000.          1.0       1.000      1.000      0.00    0.00        1.00
  40      4000.          1.0       1.000      1.000      0.00    0.00        1.00
  41      4000.          1.0       1.000      1.000      0.00    0.00        1.00
  42      4000.          1.0       1.000      1.000      0.00    0.00        1.00
  43      4000.          1.0       1.000      1.000      0.00    0.00        1.00
  44      4000.          1.0       1.000      1.000      0.00    0.00        1.00
  45      4000.          1.0       1.000      1.000      0.00    0.00        1.00
  46      4000.          1.0       1.000      1.000      0.00    0.00        1.00
  47      4000.          1.0       1.000      1.000      0.00    0.00        1.00
  48      4000.          1.0       1.000      1.000      0.00    0.00        1.00
  49      4000.          1.0       1.000      1.000      0.00    0.00        1.00
  50      4000.          1.0       1.000      1.000      0.00    0.00        1.00
  51      4000.          1.0       1.000      1.000      0.00    0.00        1.00
  52      4000.          1.0       1.000      1.000      0.00    0.00        1.00
  53      4000.          1.0       1.000      1.000      0.00    0.00        1.00
  54      4000.          1.0       1.000      1.000      0.00    0.00        1.00
  55      4000.          1.0       1.000      1.000      0.00    0.00        1.00
  56      4000.          1.0       1.000      1.000      0.00    0.00        1.00
  57      4000.          1.0       1.000      1.000      0.00    0.00        1.00
  58      4000.          1.0       1.000      1.000      0.00    0.00        1.00
  59      4000.          1.0       1.000      1.000      0.00    0.00        1.00
  60      4000.          1.0       1.000      1.000      0.00    0.00        1.00
  61      4000.          1.0       1.000      1.000      0.00    0.00        1.00
  62      4000.          1.0       1.000      1.000      0.00    0.00        1.00
  63      4000.          1.0       1.000      1.000      0.00    0.00        1.00
  64      4000.          1.0       1.000      1.000      0.00    0.00        1.00
  65      4000.          1.0       1.000      1.000      0.00    0.00        1.00
  66      4000.          1.0       1.000      1.000      0.00    0.00        1.00
  67      4000.          1.0       1.000      1.000      0.00    0.00        1.00
  68      4000.          1.0       1.000      1.000      0.00    0.00        1.00
  69      4000.          1.0       1.000      1.000      0.00    0.00        1.00
  70      4000.          1.0       1.000      1.000      0.00    0.00        1.00
  71      4000.          1.0       1.000      1.000      0.00    0.00        1.00
  72      4000.          1.0       1.000      1.000      0.00    0.00        1.00
  73      4000.          1.0       1.000      1.000      0.00    0.00        1.00
  74      4000.          1.0       1.000      1.000      0.00    0.00        1.00
  75      4000.          1.0       1.000      1.000      0.00    0.00        1.00
  76      4000.          1.0       1.000      1.000      0.00    0.00        1.00
  77      4000.          1.0       1.000      1.000      0.00    0.00        1.00
  78      4000.          1.0       1.000      1.000      0.00    0.00        1.00
  79      4000.          1.0       1.000      1.000      0.00    0.00        1.00
  80      4000.          1.0       1.000      1.000      0.00    0.00        1.00
  81      4000.          1.0       1.000      1.000      0.00    0.00        1.00
  82      4000.          1.0       1.000      1.000      0.00    0.00        1.00
  83      4000.          1.0       1.000      1.000      0.00    0.00        1.00
  84      4000.          1.0       1.000      1.000      0.00    0.00        1.00
  85      4000.          1.0       1.000      1.000      0.00    0.00        1.00
  86      4000.          1.0       1.000      1.000      0.00    0.00        1.00
  87      4000.          1.0       1.000      1.000      0.00    0.00        1.00
  88      4000.          1.0       1.000      1.000      0.00    0.00        1.00
  89      4000.          1.0       1.000      1.000      0.00    0.00        1.00
  90      4000.          1.0       1.000      1.000      0.00    0.00        1.00
  91      4000.          1.0       1.000      1.000      0.00    0.00        1.00
  92      4000.          1.0       1.000      1.000      0.00    0.00        1.00
  93      4000.          1.0       1.000      1.000      0.00    0.00        1.00
  94      4000.          1.0       1.000      1.000      0.00    0.00        1.00
  95      4000.          1.0       1.000      1.000      0.00    0.00        1.00
  96      4000.          1.0       1.000      1.000      0.00    0.00        1.00
  97      4000.          1.0       1.000      1.000      0.00    0.00        1.00
  98      4000.          1.0       1.000      1.000      0.00    0.00        1.00
  99      4000.          1.0       1.000      1.000      0.00    0.00        1.00
 100      4000.          1.0       1.000      1.000      0.00    0.00        1.00
 101      4000.          1.0       1.000      1.000      0.00    0.00        1.00
 102      4000.          1.0       1.000      1.000      0.00    0.00        1.00
 103      4000.          1.0       1.000      1.000      0.00    0.00        1.00
 104      4000.          1.0       1.000      1.000      0.00    0.00        1.00
 105      4000.          1.0       1.000      1.000      0.00    0.00        1.00
 106      4000.          1.0       1.000      1.000      0.00    0.00        1.00
 107      4000.          1.0       1.000      1.000      0.00    0.00        1.00
 108      4000.          1.0       1.000      1.000      0.00    0.00        1.00
 109      4000.          1.0       1.000      1.000      0.00    0.00        1.00
 110      4000.          1.0       1.000      1.000      0.00    0.00        1.00
 111      4000.          1.0       1.000      1.000      0.00    0.00        1.00
 112      4000.          1.0       1.000      1.000      0.00    0.00        1.00
 113      4000.          1.0       1.000      1.000      0.00    0.00        1.00
 114      4000.          1.0       1.000      1.000      0.00    0.00        1.00
 115      4000.          1.0       1.000      1.000      0.00    0.00        1.00
 116      4000.          1.0       1.000      1.000      0.00    0.00        1.00
 117      4000.          1.0       1.000      1.000      0.00    0.00        1.00
 118      4000.          1.0       1.000      1.000      0.00    0.00        1.00
 119      4000.          1.0       1.000      1.000      0.00    0.00        1.00
 120      4000.          1.0       1.000      1.000      0.00    0.00        1.00
 121      4000.          1.0       1.000      1.000      0.00    0.00        1.00
 122      4000.          1.0       1.000      1.000      0.00    0.00        1.00
 123      4000.          1.0       1.000      1.000      0.00    0.00        1.00
 124      4000.          1.0       1.000      1.000      0.00    0.00        1.00
 125      4000.          1.0       1.000      1.000      0.00    0.00        1.00
 126      4000.          1.0       1.000      1.000      0.00    0.00        1.00
 127      4000.          1.0       1.000      1.000      0.00    0.00        1.00
 128      4000.          1.0       1.000      1.000      0.00    0.00        1.00
 129      4000.          1.0       1.000      1.000      0.00    0.00        1.00
 130      4000.          1.0       1.000      1.000      0.00    0.00        1.00
 131      4000.          1.0       1.000      1.000      0.00    0.00        1.00
 132      4000.          1.0       1.000      1.000      0.00    0.00        1.00
 133      4000.          1.0       1.000      1.000      0.00    0.00        1.00
 134      4000.          1.0       1.000      1.000      0.00    0.00        1.00
 135      4000.          1.0       1.000      1.000      0.00    0.00        1.00
 136      4000.          1.0       1.000      1.000      0.00    0.00        1.00
 137      4000.          1.0       1.000      1.000      0.00    0.00        1.00
 138      4000.          1.0       1.000      1.000      0.00    0.00        1.00
 139      4000.          1.0       1.000      1.000      0.00    0.00        1.00
 140      4000.          1.0       1.000      1.000      0.00    0.00        1.00
 141      4000.          1.0       1.000      1.000      0.00    0.00        1.00
 142      4000.          1.0       1.000      1.000      0.00    0.00        1.00
 143      4000.          1.0       1.000      1.000      0.00    0.00        1.00
 144      4000.          1.0       1.000      1.000      0.00    0.00        1.00
 145      4000.          1.0       1.000      1.000      0.00    0.00        1.00
 146      4000.          1.0       1.000      1.000      0.00    0.00        1.00
 147      4000.          1.0       1.000      1.000      0.00    0.00        1.00
 148      4000.          1.0       1.000      1.000      0.00    0.00        1.00
 149      4000.          1.0       1.000      1.000      0.00    0.00        1.00
 150      4000.          1.0       1.000      1.000      0.00    0.00        1.00
 151      4000.          1.0       1.000      1.000      0.00    0.00        1.00
 152      4000.          1.0       1.000      1.000      0.00    0.00        1.00
 153      4000.          1.0       1.000      1.000      0.00    0.00        1.00
 154      4000.          1.0       1.000      1.000      0.00    0.00        1.00
 155      4000.          1.0       1.000      1.000      0.00    0.00        1.00
 156      4000.          1.0       1.000      1.000      0.00    0.00        1.00
 157      4000.          1.0       1.000      1.000      0.00    0.00        1.00
 158      4000.          1.0       1.000      1.000      0.00    0.00        1.00
 159      4000.          1.0       1.000      1.000      0.00    0.00        1.00
 160      4000.          1.0       1.000      1.000      0.00    0.00        1.00
 161      4000.          1.0       1.000      1.000      0.00    0.00        1.00
 162      4000.          1.0       1.000      1.000      0.00    0.00        1.00
 163      4000.          1.0       1.000      1.000      0.00    0.00        1.00
 164      4000.          1.0       1.000      1.000      0.00    0.00        1.00
 165      4000.          1.0       1.000      1.000      0.00    0.00        1.00
 166      4000.          1.0       1.000      1.000      0.00    0.00        1.00
 167      4000.          1.0       1.000      1.000      0.00    0.00        1.00
 168      4000.          1.0       1.000      1.000      0.00    0.00        1.00
 169      4000.          1.0       1.000      1.000      0.00    0.00        1.00
 170      4000.          1.0       1.000      1.000      0.00    0.00        1.00
 171      4000.          1.0       1.000      1.000      0.00    0.00        1.00
 172      4000.          1.0       1.000      1.000      0.00    0.00        1.00
 173      4000.          1.0       1.000      1.000      0.00    0.00        1.00
 174      4000.          1.0       1.000      1.000      0.00    0.00        1.00
 175      4000.          1.0       1.000      1.000      0.00    0.00        1.00
 176      4000.          1.0       1.000      1.000      0.00    0.00        1.00
 177      4000.          1.0       1.000      1.000      0.00    0.00        1.00
 178      4000.          1.0       1.000      1.000      0.00    0.00        1.00
 179      4000.          1.0       1.000      1.000      0.00    0.00        1.00
 180      4000.          1.0       1.000      1.000      0.00    0.00        1.00
 181      4000.          1.0       1.000      1.000      0.00    0.00        1.00
 182      4000.          1.0       1.000      1.000      0.00    0.00        1.00
 183      4000.          1.0       1.000      1.000      0.00    0.00        1.00
 184      4000.          1.0       1.000      1.000      0.00    0.00        1.00
 185      4000.          1.0       1.000      1.000      0.00    0.00        1.00
 186      4000.          1.0       1.000      1.000      0.00    0.00        1.00
 187      4000.          1.0       1.000      1.000      0.00    0.00        1.00
 188      4000.          1.0       1.000      1.000      0.00    0.00        1.00
 189      4000.          1.0       1.000      1.000      0.00    0.00        1.00
 190      4000.          1.0       1.000      1.000      0.00    0.00        1.00
 191      4000.          1.0       1.000      1.000      0.00    0.00        1.00
 192      4000.          1.0       1.000      1.000      0.00    0.00        1.00
 193      4000.          1.0       1.000      1.000      0.00    0.00        1.00
 194      4000.          1.0       1.000      1.000      0.00    0.00        1.00
 195      4000.          1.0       1.000      1.000      0.00    0.00        1.00
 196      4000.          1.0       1.000      1.000      0.00    0.00        1.00
 197      4000.          1.0       1.000      1.000      0.00    0.00        1.00
 198      4000.          1.0       1.000      1.000      0.00    0.00        1.00
 199      4000.          1.0       1.000      1.000      0.00    0.00        1.00
 200      4000.          1.0       1.000      1.000      0.00    0.00        1.00
 201      4000.          1.0       1.000      1.000      0.00    0.00        1.00
 202      4000.          1.0       1.000      1.000      0.00    0.00        1.00
 203      4000.          1.0       1.000      1.000      0.00    0.00        1.00
 204      4000.          1.0       1.000      1.000      0.00    0.00        1.00
 205      4000.          1.0       1.000      1.000      0.00    0.00        1.00
 206      4000.          1.0       1.000      1.000      0.00    0.00        1.00
 207      4000.          1.0       1.000      1.000      0.00    0.00        1.00
 208      4000.          1.0       1.000      1.000      0.00    0.00        1.00
 209      4000.          1.0       1.000      1.000      0.00    0.00        1.00
 210      4000.          1.0       1.000      1.000      0.00    0.00        1.00
 211      4000.          1.0       1.000      1.000      0.00    0.00        1.00
 212      4000.          1.0       1.000      1.000      0.00    0.00        1.00
 213      4000.          1.0       1.000      1.000      0.00    0.00        1.00
 214      4000.          1.0       1.000      1.000      0.00    0.00        1.00
 215      4000.          1.0       1.000      1.000      0.00    0.00        1.00
 216      4000.          1.0       1.000      1.000      0.00    0.00        1.00
 217      4000.          1.0       1.000      1.000      0.00    0.00        1.00
 218      4000.          1.0       1.000      1.000      0.00    0.00        1.00
 219      4000.          1.0       1.000      1.000      0.00    0.00        1.00
 220      4000.          1.0       1.000      1.000      0.00    0.00        1.00
 221      4000.          1.0       1.000      1.000      0.00    0.00        1.00
 222      4000.          1.0       1.000      1.000      0.00    0.00        1.00
 223      4000.          1.0       1.000      1.000      0.00    0.00        1.00
 224      4000.          1.0       1.000      1.000      0.00    0.00        1.00
 225      4000.          1.0       1.000      1.000      0.00    0.00        1.00
 226      4000.          1.0       1.000      1.000      0.00    0.00        1.00
 227      4000.          1.0       1.000      1.000      0.00    0.00        1.00
 228      4000.          1.0       1.000      1.000      0.00    0.00        1.00
 229      4000.          1.0       1.000      1.000      0.00    0.00        1.00
 230      4000.          1.0       1.000      1.000      0.00    0.00        1.00
 231      4000.          1.0       1.000      1.000      0.00    0.00        1.00
 232      4000.          1.0       1.000      1.000      0.00    0.00        1.00
 233      4000.          1.0       1.000      1.000      0.00    0.00        1.00
 234      4000.          1.0       1.000      1.000      0.00    0.00        1.00
 235      4000.          1.0       1.000      1.000      0.00    0.00        1.00
 236      4000.          1.0       1.000      1.000      0.00    0.00        1.00
 237      4000.          1.0       1.000      1.000      0.00    0.00        1.00
 238      4000.          1.0       1.000      1.000      0.00    0.00        1.00
 239      4000.          1.0       1.000      1.000      0.00    0.00        1.00
 240      4000.          1.0       1.000      1.000      0.00    0.00        1.00
 241      4000.          1.0       1.000      1.000      0.00    0.00        1.00
 242      4000.          1.0       1.000      1.000      0.00    0.00        1.00
 243      4000.          1.0       1.000      1.000      0.00    0.00        1.00
 244      4000.          1.0       1.000      1.000      0.00    0.00        1.00
 245      4000.          1.0       1.000      1.000      0.00    0.00        1.00
 246      4000.          1.0       1.000      1.000      0.00    0.00        1.00
 247      4000.          1.0       1.000      1.000      0.00    0.00        1.00
 248      4000.          1.0       1.000      1.000      0.00    0.00        1.00
 249      4000.          1.0       1.000      1.000      0.00    0.00        1.00
 250      4000.          1.0       1.000      1.000      0.00    0.00        1.00
 251      4000.          1.0       1.000      1.000      0.00    0.00        1.00
 252      4000.          1.0       1.000      1.000      0.00    0.00        1.00
 253      4000.          1.0       1.000      1.000      0.00    0.00        1.00
 254      4000.          1.0       1.000      1.000      0.00    0.00        1.00
 255      4000.          1.0       1.000      1.000      0.00    0.00        1.00
 256      4000.          1.0       1.000      1.000      0.00    0.00        1.00
 257      4000.          1.0       1.000      1.000      0.00    0.00        1.00
 258      4000.          1.0       1.000      1.000      0.00    0.00        1.00
 259      4000.          1.0       1.000      1.000      0.00    0.00        1.00
 260      4000.          1.0       1.000      1.000      0.00    0.00        1.00
 261      4000.          1.0       1.000      1.000      0.00    0.00        1.00
 262      4000.          1.0       1.000      1.000      0.00    0.00        1.00
 263      4000.          1.0       1.000      1.000      0.00    0.00        1.00
 264      4000.          1.0       1.000      1.000      0.00    0.00        1.00
 265      4000.          1.0       1.000      1.000      0.00    0.00        1.00
 266      4000.          1.0       1.000      1.000      0.00    0.00        1.00
 267      4000.          1.0       1.000      1.000      0.00    0.00        1.00
 268      4000.          1.0       1.000      1.000      0.00    0.00        1.00
 269      4000.          1.0       1.000      1.000      0.00    0.00        1.00
 270      4000.          1.0       1.000      1.000      0.00    0.00        1.00
 271      4000.          1.0       1.000      1.000      0.00    0.00        1.00
 272      4000.          1.0       1.000      1.000      0.00    0.00        1.00
 273      4000.          1.0       1.000      1.000      0.00    0.00        1.00
 274      4000.          1.0       1.000      1.000      0.00    0.00        1.00
 275      4000.          1.0       1.000      1.000      0.00    0.00        1.00
 276      4000.          1.0       1.000      1.000      0.00    0.00        1.00
 277      4000.          1.0       1.000      1.000      0.00    0.00        1.00
 278      4000.          1.0       1.000      1.000      0.00    0.00        1.00
 279      4000.          1.0       1.000      1.000      0.00    0.00        1.00
 280      4000.          1.0       1.000      1.000      0.00    0.00        1.00
 281      4000.          1.0       1.000      1.000      0.00    0.00        1.00
 282      4000.          1.0       1.000      1.000      0.00    0.00        1.00
 283      4000.          1.0       1.000      1.000      0.00    0.00        1.00
 284      4000.          1.0       1.000      1.000      0.00    0.00        1.00
 285      4000.          1.0       1.000      1.000      0.00    0.00        1.00
 286      4000.          1.0       1.000      1.000      0.00    0.00        1.00
 287      4000.          1.0       1.000      1.000      0.00    0.00        1.00
 288      4000.          1.0       1.000      1.000      0.00    0.00        1.00
 289      4000.          1.0       1.000      1.000      0.00    0.00        1.00
 290      4000.          1.0       1.000      1.000      0.00    0.00        1.00
 291      4000.          1.0       1.000      1.000      0.00    0.00        1.00
 292      4000.          1.0       1.000      1.000      0.00    0.00        1.00
 293      4000.          1.0       1.000      1.000      0.00    0.00        1.00
 294      4000.          1.0       1.000      1.000      0.00    0.00        1.00
 295      4000.          1.0       1.000      1.000      0.00    0.00        1.00
 296      4000.          1.0       1.000      1.000      0.00    0.00        1.00
 297      4000.          1.0       1.000      1.000      0.00    0.00        1.00
 298      4000.          1.0       1.000      1.000      0.00    0.00        1.00
 299      4000.          1.0       1.000      1.000      0.00    0.00        1.00
 300      4000.          1.0       1.000      1.000      0.00    0.00        1.00
 301      4000.          1.0       1.000      1.000      0.00    0.00        1.00
 302      4000.          1.0       1.000      1.000      0.00    0.00        1.00
 303      4000.          1.0       1.000      1.000      0.00    0.00        1.00
 304      4000.          1.0       1.000      1.000      0.00    0.00        1.00
 305      4000.          1.0       1.000      1.000      0.00    0.00        1.00
 306      4000.          1.0       1.000      1.000      0.00    0.00        1.00
 307      4000.          1.0       1.000      1.000      0.00    0.00        1.00
 308      4000.          1.0       1.000      1.000      0.00    0.00        1.00
 309      4000.          1.0       1.000      1.000      0.00    0.00        1.00
 310      4000.          1.0       1.000      1.000      0.00    0.00        1.00
 311      4000.          1.0       1.000      1.000      0.00    0.00        1.00
 312      4000.          1.0       1.000      1.000      0.00    0.00        1.00
 313      4000.          1.0       1.000      1.000      0.00    0.00        1.00
 314      4000.          1.0       1.000      1.000      0.00    0.00        1.00
 315      4000.          1.0       1.000      1.000      0.00    0.00        1.00
 316      4000.          1.0       1.000      1.000      0.00    0.00        1.00
 317      4000.          1.0       1.000      1.000      0.00    0.00        1.00
 318      4000.          1.0       1.000      1.000      0.00    0.00        1.00
 319      4000.          1.0       1.000      1.000      0.00    0.00        1.00
 320      4000.          1.0       1.000      1.000      0.00    0.00        1.00
 321      4000.          1.0       1.000      1.000      0.00    0.00        1.00
 322      4000.          1.0       1.000      1.000      0.00    0.00        1.00
 323      4000.          1.0       1.000      1.000      0.00    0.00        1.00
 324      4000.          1.0       1.000      1.000      0.00    0.00        1.00
 325      4000.          1.0       1.000      1.000      0.00    0.00        1.00
 326      4000.          1.0       1.000      1.000      0.00    0.00        1.00
 327      4000.          1.0       1.000      1.000      0.00    0.00        1.00
 328      4000.          1.0       1.000      1.000      0.00    0.00        1.00
 329      4000.          1.0       1.000      1.000      0.00    0.00        1.00
 330      4000.          1.0       1.000      1.000      0.00    0.00        1.00
 331      4000.          1.0       1.000      1.000      0.00    0.00        1.00
 332      4000.          1.0       1.000      1.000      0.00    0.00        1.00
 333      4000.          1.0       1.000      1.000      0.00    0.00        1.00
 334      4000.          1.0       1.000      1.000      0.00    0.00        1.00
 335      4000.          1.0       1.000      1.000      0.00    0.00        1.00
 336      4000.          1.0       1.000      1.000      0.00    0.00        1.00
 337      4000.          1.0       1.000      1.000      0.00    0.00        1.00
 338      4000.          1.0       1.000      1.000      0.00    0.00        1.00
 339      4000.          1.0       1.000      1.000      0.00    0.00        1.00
 340      4000.          1.0       1.000      1.000      0.00    0.00        1.00
 341      4000.          1.0       1.000      1.000      0.00    0.00        1.00
 342      4000.          1.0       1.000      1.000      0.00    0.00        1.00
 343      4000.          1.0       1.000      1.000      0.00    0.00        1.00
 344      4000.          1.0       1.000      1.000      0.00    0.00        1.00
 345      4000.          1.0       1.000      1.000      0.00    0.00        1.00
 346      4000.          1.0       1.000      1.000      0.00    0.00        1.00
 347      4000.          1.0       1.000      1.000      0.00    0.00        1.00
 348      4000.          1.0       1.000      1.000      0.00    0.00        1.00
 349      4000.          1.0       1.000      1.000      0.00    0.00        1.00
 350      4000.          1.0       1.000      1.000      0.00    0.00        1.00
 351      4000.          1.0       1.000      1.000      0.00    0.00        1.00
 352      4000.          1.0       1.000      1.000      0.00    0.00        1.00
 353      4000.          1.0       1.000      1.000      0.00    0.00        1.00
 354      4000.          1.0       1.000      1.000      0.00    0.00        1.00
 355      4000.          1.0       1.000      1.000      0.00    0.00        1.00
 356      4000.          1.0       1.000      1.000      0.00    0.00        1.00
 357      4000.          1.0       1.000      1.000      0.00    0.00        1.00
 358      4000.          1.0       1.000      1.000      0.00    0.00        1.00
 359      4000.          1.0       1.000      1.000      0.00    0.00        1.00
 360      4000.          1.0       1.000      1.000      0.00    0.00        1.00
 361      4000.          1.0       1.000      1.000      0.00    0.00        1.00
 362      4000.          1.0       1.000      1.000      0.00    0.00        1.00
 363      4000.          1.0       1.000      1.000      0.00    0.00        1.00
 364      4000.          1.0       1.000      1.000      0.00    0.00        1.00
 365      4000.          1.0       1.000      1.000      0.00    0.00        1.00
 366      4000.          1.0       1.000      1.000      0.00    0.00        1.00
 367      4000.          1.0       1.000      1.000      0.00    0.00        1.00
 368      4000.          1.0       1.000      1.000      0.00    0.00        1.00
 369      4000.          1.0       1.000      1.000      0.00    0.00        1.00
 370      4000.          1.0       1.000      1.000      0.00    0.00        1.00
 371      4000.          1.0       1.000      1.000      0.00    0.00        1.00
 372      4000.          1.0       1.000      1.000      0.00    0.00        1.00
 373      4000.          1.0       1.000      1.000      0.00    0.00        1.00
 374      4000.          1.0       1.000      1.000      0.00    0.00        1.00
 375      4000.          1.0       1.000      1.000      0.00    0.00        1.00
 376      4000.          1.0       1.000      1.000      0.00    0.00        1.00
 377      4000.          1.0       1.000      1.000      0.00    0.00        1.00
 378      4000.          1.0       1.000      1.000      0.00    0.00        1.00
 379      4000.          1.0       1.000      1.000      0.00    0.00        1.00
 380      4000.          1.0       1.000      1.000      0.00    0.00        1.00
 381      4000.          1.0       1.000      1.000      0.00    0.00        1.00
 382      4000.          1.0       1.000      1.000      0.00    0.00        1.00
 383      4000.          1.0       1.000      1.000      0.00    0.00        1.00
 384      4000.          1.0       1.000      1.000      0.00    0.00        1.00
 385      4000.          1.0       1.000      1.000      0.00    0.00        1.00
 386      4000.          1.0       1.000      1.000      0.00    0.00        1.00
 387      4000.          1.0       1.000      1.000      0.00    0.00        1.00
 388      4000.          1.0       1.000      1.000      0.00    0.00        1.00
 389      4000.          1.0       1.000      1.000      0.00    0.00        1.00
 390      4000.          1.0       1.000      1.000      0.00    0.00        1.00
 391      4000.          1.0       1.000      1.000      0.00    0.00        1.00
 392      4000.          1.0       1.000      1.000      0.00    0.00        1.00
 393      4000.          1.0       1.000      1.000      0.00    0.00        1.00
 394      4000.          1.0       1.000      1.000      0.00    0.00        1.00
 395      4000.          1.0       1.000      1.000      0.00    0.00        1.00
 396      4000.          1.0       1.000      1.000      0.00    0.00        1.00
 397      4000.          1.0       1.000      1.000      0.00    0.00        1.00
 398      4000.          1.0       1.000      1.000      0.00    0.00        1.00
 399      4000.          1.0       1.000      1.000      0.00    0.00        1.00
 400      4000.          1.0       1.000      1.000      0.00    0.00        1.00
 401      4000.          1.0       1.000      1.000      0.00    0.00        1.00
 402      4000.          1.0       1.000      1.000      0.00    0.00        1.00
 403      4000.          1.0       1.000      1.000      0.00    0.00        1.00
 404      4000.          1.0       1.000      1.000      0.00    0.00        1.00
 405      4000.          1.0       1.000      1.000      0.00    0.00        1.00
 406      4000.          1.0       1.000      1.000      0.00    0.00        1.00
 407      4000.          1.0       1.000      1.000      0.00    0.00        1.00
 408      4000.          1.0       1.000      1.000      0.00    0.00        1.00
 409      4000.          1.0       1.000      1.000      0.00    0.00        1.00
 410      4000.          1.0       1.000      1.000      0.00    0.00        1.00
 411      4000.          1.0       1.000      1.000      0.00    0.00        1.00
 412      4000.          1.0       1.000      1.000      0.00    0.00        1.00
 413      4000.          1.0       1.000      1.000      0.00    0.00        1.00
 414      4000.          1.0       1.000      1.000      0.00    0.00        1.00
 415      4000.          1.0       1.000      1.000      0.00    0.00        1.00
 416      4000.          1.0       1.000      1.000      0.00    0.00        1.00
 417      4000.          1.0       1.000      1.000      0.00    0.00        1.00
 418      4000.          1.0       1.000      1.000      0.00    0.00        1.00
 419      4000.          1.0       1.000      1.000      0.00    0.00        1.00
 420      4000.          1.0       1.000      1.000      0.00    0.00        1.00
 421      4000.          1.0       1.000      1.000      0.00    0.00        1.00
 422      4000.          1.0       1.000      1.000      0.00    0.00        1.00
 423      4000.          1.0       1.000      1.000      0.00    0.00        1.00
 424      4000.          1.0       1.000      1.000      0.00    0.00        1.00
 425      4000.          1.0       1.000      1.000      0.00    0.00        1.00
 426      4000.          1.0       1.000      1.000      0.00    0.00        1.00
 427      4000.          1.0       1.000      1.000      0.00    0.00        1.00
 428      4000.          1.0       1.000      1.000      0.00    0.00        1.00
 429      4000.          1.0       1.000      1.000      0.00    0.00        1.00
 430      4000.          1.0       1.000      1.000      0.00    0.00        1.00
 431      4000.          1.0       1.000      1.000      0.00    0.00        1.00
 432      4000.          1.0       1.000      1.000      0.00    0.00        1.00
 433      4000.          1.0       1.000      1.000      0.00    0.00        1.00
 434      4000.          1.0       1.000      1.000      0.00    0.00        1.00
 435      4000.          1.0       1.000      1.000      0.00    0.00        1.00
 436      4000.          1.0       1.000      1.000      0.00    0.00        1.00
 437      4000.          1.0       1.000      1.000      0.00    0.00        1.00
 438      4000.          1.0       1.000      1.000      0.00    0.00        1.00
 439      4000.          1.0       1.000      1.000      0.00    0.00        1.00
 440      4000.          1.0       1.000      1.000      0.00    0.00        1.00
 441      4000.          1.0       1.000      1.000      0.00    0.00        1.00
 442      4000.          1.0       1.000      1.000      0.00    0.00        1.00
 443      4000.          1.0       1.000      1.000      0.00    0.00        1.00
 444      4000.          1.0       1.000      1.000      0.00    0.00        1.00
 445      4000.          1.0       1.000      1.000      0.00    0.00        1.00
 446      4000.          1.0       1.000      1.000      0.00    0.00        1.00
 447      4000.          1.0       1.000      1.000      0.00    0.00        1.00
 448      4000.          1.0       1.000      1.000      0.00    0.00        1.00
 449      4000.          1.0       1.000      1.000      0.00    0.00        1.00
 450      4000.          1.0       1.000      1.000      0.00    0.00        1.00
 451      4000.          1.0       1.000      1.000      0.00    0.00        1.00
 452      4000.          1.0       1.000      1.000      0.00    0.00        1.00
 453      4000.          1.0       1.000      1.000      0.00    0.00        1.00
 454      4000.          1.0       1.000      1.000      0.00    0.00        1.00
 455      4000.          1.0       1.000      1.000      0.00    0.00        1.00
 456      4000.          1.0       1.000      1.000      0.00    0.00        1.00
 457      4000.          1.0       1.000      1.000      0.00    0.00        1.00
 458      4000.          1.0       1.000      1.000      0.00    0.00        1.00
 459      4000.          1.0       1.000      1.000      0.00    0.00        1.00
 460      4000.          1.0       1.000      1.000      0.00    0.00        1.00
 461      4000.          1.0       1.000      1.000      0.00    0.00        1.00
 462      4000.          1.0       1.000      1.000      0.00    0.00        1.00
 463      4000.          1.0       1.000      1.000      0.00    0.00        1.00
 464      4000.          1.0       1.000      1.000      0.00    0.00        1.00
 465      4000.          1.0       1.000      1.000      0.00    0.00        1.00
 466      4000.          1.0       1.000      1.000      0.00    0.00        1.00
 467      4000.          1.0       1.000      1.000      0.00    0.00        1.00
 468      4000.          1.0       1.000      1.000      0.00    0.00        1.00
 469      4000.          1.0       1.000      1.000      0.00    0.00        1.00
 470      4000.          1.0       1.000      1.000      0.00    0.00        1.00
 471      4000.          1.0       1.000      1.000      0.00    0.00        1.00
 472      4000.          1.0       1.000      1.000      0.00    0.00        1.00
 473      4000.          1.0       1.000      1.000      0.00    0.00        1.00
 474      4000.          1.0       1.000      1.000      0.00    0.00        1.00
 475      4000.          1.0       1.000      1.000      0.00    0.00        1.00
 476      4000.          1.0       1.000      1.000      0.00    0.00        1.00
 477      4000.          1.0       1.000      1.000      0.00    0.00        1.00
 478      4000.          1.0       1.000      1.000      0.00    0.00        1.00
 479      4000.          1.0       1.000      1.000      0.00    0.00        1.00
 480      4000.          1.0       1.000      1.000      0.00    0.00        1.00
 481      4000.          1.0       1.000      1.000      0.00    0.00        1.00
 482      4000.          1.0       1.000      1.000      0.00    0.00        1.00
 483      4000.          1.0       1.000      1.000      0.00    0.00        1.00
 484      4000.          1.0       1.000      1.000      0.00    0.00        1.00
 485      4000.          1.0       1.000      1.000      0.00    0.00        1.00
 486      4000.          1.0       1.000      1.000      0.00    0.00        1.00
 487      4000.          1.0       1.000      1.000      0.00    0.00        1.00
 488      4000.          1.0       1.000      1.000      0.00    0.00        1.00
 489      4000.          1.0       1.000      1.000      0.00    0.00        1.00
 490      4000.          1.0       1.000      1.000      0.00    0.00        1.00
 491      4000.          1.0       1.000      1.000      0.00    0.00        1.00
 492      4000.          1.0       1.000      1.000      0.00    0.00        1.00
 493      4000.          1.0       1.000      1.000      0.00    0.00        1.00
 494      4000.          1.0       1.000      1.000      0.00    0.00        1.00
 495      4000.          1.0       1.000      1.000      0.00    0.00        1.00
 496      4000.          1.0       1.000      1.000      0.00    0.00        1.00
 497      4000.          1.0       1.000      1.000      0.00    0.00        1.00
 498      4000.          1.0       1.000      1.000      0.00    0.00        1.00
 499      4000.          1.0       1.000      1.000      0.00    0.00        1.00
 500      4000.          1.0       1.000      1.000      0.00    0.00        1.00
 501      4000.          1.0       1.000      1.000      0.00    0.00        1.00
 502      4000.          1.0       1.000      1.000      0.00    0.00        1.00
 503      4000.          1.0       1.000      1.000      0.00    0.00        1.00
 504      4000.          1.0       1.000      1.000      0.00    0.00        1.00
 505      4000.          1.0       1.000      1.000      0.00    0.00        1.00
 506      4000.          1.0       1.000      1.000      0.00    0.00        1.00
 507      4000.          1.0       1.000      1.000      0.00    0.00        1.00
 508      4000.          1.0       1.000      1.000      0.00    0.00        1.00
 509      4000.          1.0       1.000      1.000      0.00    0.00        1.00
 510      4000.          1.0       1.000      1.000      0.00    0.00        1.00
 511      4000.          1.0       1.000      1.000      0.00    0.00        1.00
 512      4000.          1.0       1.000      1.000      0.00    0.00        1.00
 513      4000.          1.0       1.000      1.000      0.00    0.00        1.00
 514      4000.          1.0       1.000      1.000      0.00    0.00        1.00
 515      4000.          1.0       1.000      1.000      0.00    0.00        1.00
 516      4000.          1.0       1.000      1.000      0.00    0.00        1.00
 517      4000.          1.0       1.000      1.000      0.00    0.00        1.00
 518      4000.          1.0       1.000      1.000      0.00    0.00        1.00
 519      4000.          1.0       1.000      1.000      0.00    0.00        1.00
 520      4000.          1.0       1.000      1.000      0.00    0.00        1.00
 521      4000.          1.0       1.000      1.000      0.00    0.00        1.00
 522      4000.          1.0       1.000      1.000      0.00    0.00        1.00
 523      4000.          1.0       1.000      1.000      0.00    0.00        1.00
 524      4000.          1.0       1.000      1.000      0.00    0.00        1.00
 525      4000.          1.0       1.000      1.000      0.00    0.00        1.00
 526      4000.          1.0       1.000      1.000      0.00    0.00        1.00
 527      4000.          1.0       1.000      1.000      0.00    0.00        1.00
 528      4000.          1.0       1.000      1.000      0.00    0.00        1.00
 529      4000.          1.0       1.000      1.000      0.00    0.00        1.00
 530      4000.          1.0       1.000      1.000      0.00    0.00        1.00
 531      4000.          1.0       1.000      1.000      0.00    0.00        1.00
 532      4000.          1.0       1.000      1.000      0.00    0.00        1.00
 533      4000.          1.0       1.000      1.000      0.00    0.00        1.00
 534      4000.          1.0       1.000      1.000      0.00    0.00        1.00
 535      4000.          1.0       1.000      1.000      0.00    0.00        1.00
 536      4000.          1.0       1.000      1.000      0.00    0.00        1.00
 537      4000.          1.0       1.000      1.000      0.00    0.00        1.00
 538      4000.          1.0       1.000      1.000      0.00    0.00        1.00
 539      4000.          1.0       1.000      1.000      0.00    0.00        1.00
 540      4000.          1.0       1.000      1.000      0.00    0.00        1.00
 541      4000.          1.0       1.000      1.000      0.00    0.00        1.00
 542      4000.          1.0       1.000      1.000      0.00    0.00        1.00
 543      4000.          1.0       1.000      1.000      0.00    0.00        1.00
 544      4000.          1.0       1.000      1.000      0.00    0.00        1.00
 545      4000.          1.0       1.000      1.000      0.00    0.00        1.00
 546      4000.          1.0       1.000      1.000      0.00    0.00        1.00
 547      4000.          1.0       1.000      1.000      0.00    0.00        1.00
 548      4000.          1.0       1.000      1.000      0.00    0.00        1.00
 549      4000.          1.0       1.000      1.000      0.00    0.00        1.00
 550      4000.          1.0       1.000      1.000      0.00    0.00        1.00
 551      4000.          1.0       1.000      1.000      0.00    0.00        1.00
 552      4000.          1.0       1.000      1.000      0.00    0.00        1.00
 553      4000.          1.0       1.000      1.000      0.00    0.00        1.00
 554      4000.          1.0       1.000      1.000      0.00    0.00        1.00
 555      4000.          1.0       1.000      1.000      0.00    0.00        1.00
 556      4000.          1.0       1.000      1.000      0.00    0.00        1.00
 557      4000.          1.0       1.000      1.000      0.00    0.00        1.00
 558      4000.          1.0       1.000      1.000      0.00    0.00        1.00
 559      4000.          1.0       1.000      1.000      0.00    0.00        1.00
 560      4000.          1.0       1.000      1.000      0.00    0.00        1.00
 561      4000.          1.0       1.000      1.000      0.00    0.00        1.00
 562      4000.          1.0       1.000      1.000      0.00    0.00        1.00
 563      4000.          1.0       1.000      1.000      0.00    0.00        1.00
 564      4000.          1.0       1.000      1.000      0.00    0.00        1.00
 565      4000.          1.0       1.000      1.000      0.00    0.00        1.00
 566      4000.          1.0       1.000      1.000      0.00    0.00        1.00
 567      4000.          1.0       1.000      1.000      0.00    0.00        1.00
 568      4000.          1.0       1.000      1.000      0.00    0.00        1.00
 569      4000.          1.0       1.000      1.000      0.00    0.00        1.00
 570      4000.          1.0       1.000      1.000      0.00    0.00        1.00
 571      4000.          1.0       1.000      1.000      0.00    0.00        1.00
 572      4000.          1.0       1.000      1.000      0.00    0.00        1.00
 573      4000.          1.0       1.000      1.000      0.00    0.00        1.00
 574      4000.          1.0       1.000      1.000      0.00    0.00        1.00
 575      4000.          1.0       1.000      1.000      0.00    0.00        1.00
 576      4000.          1.0       1.000      1.000      0.00    0.00        1.00
 577      4000.          1.0       1.000      1.000      0.00    0.00        1.00
 578      4000.          1.0       1.000      1.000      0.00    0.00        1.00
 579      4000.          1.0       1.000      1.000      0.00    0.00        1.00
 580      4000.          1.0       1.000      1.000      0.00    0.00        1.00
 581      4000.          1.0       1.000      1.000      0.00    0.00        1.00
 582      4000.          1.0       1.000      1.000      0.00    0.00        1.00
 583      4000.          1.0       1.000      1.000      0.00    0.00        1.00
 584      4000.          1.0       1.000      1.000      0.00    0.00        1.00
 585      4000.          1.0       1.000      1.000      0.00    0.00        1.00
 586      4000.          1.0       1.000      1.000      0.00    0.00        1.00
 587      4000.          1.0       1.000      1.000      0.00    0.00        1.00
 588      4000.          1.0       1.000      1.000      0.00    0.00        1.00
 589      4000.          1.0       1.000      1.000      0.00    0.00        1.00
 590      4000.          1.0       1.000      1.000      0.00    0.00        1.00
 591      4000.          1.0       1.000      1.000      0.00    0.00        1.00
 592      4000.          1.0       1.000      1.000      0.00    0.00        1.00
 593      4000.          1.0       1.000      1.000      0.00    0.00        1.00
 594      4000.          1.0       1.000      1.000      0.00    0.00        1.00
 595      4000.          1.0       1.000      1.000      0.00    0.00        1.00
 596      4000.          1.0       1.000      1.000      0.00    0.00        1.00
 597      4000.          1.0       1.000      1.000      0.00    0.00        1.00
 598      4000.          1.0       1.000      1.000      0.00    0.00        1.00
 599      4000.          1.0       1.000      1.000      0.00    0.00        1.00
 600      4000.          1.0       1.000      1.000      0.00    0.00        1.00
 601      4000.          1.0       1.000      1.000      0.00    0.00        1.00
 602      4000.          1.0       1.000      1.000      0.00    0.00        1.00
 603      4000.          1.0       1.000      1.000      0.00    0.00        1.00
 604      4000.          1.0       1.000      1.000      0.00    0.00        1.00
 605      4000.          1.0       1.000      1.000      0.00    0.00        1.00
 606      4000.          1.0       1.000      1.000      0.00    0.00        1.00
 607      4000.          1.0       1.000      1.000      0.00    0.00        1.00
 608      4000.          1.0       1.000      1.000      0.00    0.00        1.00
 609      4000.          1.0       1.000      1.000      0.00    0.00        1.00
 610      4000.          1.0       1.000      1.000      0.00    0.00        1.00
 611      4000.          1.0       1.000      1.000      0.00    0.00        1.00
 612      4000.          1.0       1.000      1.000      0.00    0.00        1.00
 613      4000.          1.0       1.000      1.000      0.00    0.00        1.00
 614      4000.          1.0       1.000      1.000      0.00    0.00        1.00
 615      4000.          1.0       1.000      1.000      0.00    0.00        1.00
 616      4000.          1.0       1.000      1.000      0.00    0.00        1.00
 617      4000.          1.0       1.000      1.000      0.00    0.00        1.00
 618      4000.          1.0       1.000      1.000      0.00    0.00        1.00
 619      4000.          1.0       1.000      1.000      0.00    0.00        1.00
 620      4000.          1.0       1.000      1.000      0.00    0.00        1.00
 621      4000.          1.0       1.000      1.000      0.00    0.00        1.00
 622      4000.          1.0       1.000      1.000      0.00    0.00        1.00
 623      4000.          1.0       1.000      1.000      0.00    0.00        1.00
 624      4000.          1.0       1.000      1.000      0.00    0.00        1.00
 625      4000.          1.0       1.000      1.000      0.00    0.00        1.00
 626      4000.          1.0       1.000      1.000      0.00    0.00        1.00
 627      4000.          1.0       1.000      1.000      0.00    0.00        1.00
 628      4000.          1.0       1.000      1.000      0.00    0.00        1.00
 629      4000.          1.0       1.000      1.000      0.00    0.00        1.00
 630      4000.          1.0       1.000      1.000      0.00    0.00        1.00
 631      4000.          1.0       1.000      1.000      0.00    0.00        1.00
 632      4000.          1.0       1.000      1.000      0.00    0.00        1.00
 633      4000.          1.0       1.000      1.000      0.00    0.00        1.00
 634      4000.          1.0       1.000      1.000      0.00    0.00        1.00
 635      4000.          1.0       1.000      1.000      0.00    0.00        1.00
 636      4000.          1.0       1.000      1.000      0.00    0.00        1.00
 637      4000.          1.0       1.000      1.000      0.00    0.00        1.00
 638      4000.          1.0       1.000      1.000      0.00    0.00        1.00
 639      4000.          1.0       1.000      1.000      0.00    0.00        1.00
 640      4000.          1.0       1.000      1.000      0.00    0.00        1.00
 641      4000.          1.0       1.000      1.000      0.00    0.00        1.00
 642      4000.          1.0       1.000      1.000      0.00    0.00        1.00
 643      4000.          1.0       1.000      1.000      0.00    0.00        1.00
 644      4000.          1.0       1.000      1.000      0.00    0.00        1.00
 645      4000.          1.0       1.000      1.000      0.00    0.00        1.00
 646      4000.          1.0       1.000      1.000      0.00    0.00        1.00
 647      4000.          1.0       1.000      1.000      0.00    0.00        1.00
 648      4000.          1.0       1.000      1.000      0.00    0.00        1.00
 649      4000.          1.0       1.000      1.000      0.00    0.00        1.00
 650      4000.          1.0       1.000      1.000      0.00    0.00        1.00
 651      4000.          1.0       1.000      1.000      0.00    0.00        1.00
 652      4000.          1.0       1.000      1.000      0.00    0.00        1.00
 653      4000.          1.0       1.000      1.000      0.00    0.00        1.00
 654      4000.          1.0       1.000      1.000      0.00    0.00        1.00
 655      4000.          1.0       1.000      1.000      0.00    0.00        1.00
 656      4000.          1.0       1.000      1.000      0.00    0.00        1.00
 657      4000.          1.0       1.000      1.000      0.00    0.00        1.00
 658      4000.          1.0       1.000      1.000      0.00    0.00        1.00
 659      4000.          1.0       1.000      1.000      0.00    0.00        1.00
 660      4000.          1.0       1.000      1.000      0.00    0.00        1.00
 661      4000.          1.0       1.000      1.000      0.00    0.00        1.00
 662      4000.          1.0       1.000      1.000      0.00    0.00        1.00
 663      4000.          1.0       1.000      1.000      0.00    0.00        1.00
 664      4000.          1.0       1.000      1.000      0.00    0.00        1.00
 665      4000.          1.0       1.000      1.000      0.00    0.00        1.00
 666      4000.          1.0       1.000      1.000      0.00    0.00        1.00
 667      4000.          1.0       1.000      1.000      0.00    0.00        1.00
 668      4000.          1.0       1.000      1.000      0.00    0.00        1.00
 669      4000.          1.0       1.000      1.000      0.00    0.00        1.00
 670      4000.          1.0       1.000      1.000      0.00    0.00        1.00
 671      4000.          1.0       1.000      1.000      0.00    0.00        1.00
 672      4000.          1.0       1.000      1.000      0.00    0.00        1.00
 673      4000.          1.0       1.000      1.000      0.00    0.00        1.00
 674      4000.          1.0       1.000      1.000      0.00    0.00        1.00
 675      4000.          1.0       1.000      1.000      0.00    0.00        1.00
 676      4000.          1.0       1.000      1.000      0.00    0.00        1.00
 677      4000.          1.0       1.000      1.000      0.00    0.00        1.00
 678      4000.          1.0       1.000      1.000      0.00    0.00        1.00
 679      4000.          1.0       1.000      1.000      0.00    0.00        1.00
 680      4000.          1.0       1.000      1.000      0.00    0.00        1.00
 681      4000.          1.0       1.000      1.000      0.00    0.00        1.00

              2D LITHOLOGY MAP
              ----------------
         (reduced to rectangular grid)

  234567890ABCDEFGHJKLMNPRSTUWXYabcd
  efghjklmnprstuwxy1234567890ABCDEFG
  HJKLMNPRSTUWXYabcdefghjklmnprstuwx
  y1234567890ABCDEFGHJKLMNPRSTUWXYab
  cdefghjklmnprstuwxy1234567890ABCDE
  FGHJKLMNPRSTUWXYabcdefghjklmnprstu
  wxy1234567890ABCDEFGHJKLMNPRSTUWXY
  abcdefghjklmnprstuwxy1234567890ABC
  DEFGHJKLMNPRSTUWXYabcdefghjklmnprs
  tuwxy1234567890ABCDEFGHJKLMNPRSTUW
  XYabcdefghjklmnprstuwxy1234567890A
  BCDEFGHJKLMNPRSTUWXYabcdefghjklmnp
  rstuwxy1234567890ABCDEFGHJKLMNPRST
  UWXYabcdefghjklmnprstuwxy123456789
  0ABCDEFGHJKLMNPRSTUWXYabcdefghjklm
  nprstuwxy1234567890ABCDEFGHJKLMNPR
  STUWXYabcdefghjklmnprstuwxy1234567
  890ABCDEFGHJKLMNPRSTUWXYabcdefghjk
  lmnprstuwxy1234567890ABCDEFGHJKLMN
  PRSTUWXYabcdefghjklmnprstuwxy12345

  MAXITS = 30   CNVRG = 1   NFIX =  0   MV1PRT = 3   OUTPRT = 0

  The inversion will finish if the RMS error is less than  1.0 percent or if
  the error can no longer be reduced significantly or after 30 iterations.

  All element resistivities will be allowed to vary during inversion.

              Node-based Pseudo Transmitter and First Receiver Positions
              ----------------------------------------------------------

              Transmitter             Receiver
                                                       Rx Ground
 Index     X      GPS Alt     X        Y     GPS Alt   Clearance

    1    221.0    659.1    100.0      0.0    618.1     52.4
    2    321.0    660.0    200.0      0.0    619.0     52.7
    3    421.0    655.5    300.0      0.0    614.5     47.3
    4    521.0    657.1    400.0      0.0    616.1     48.6
    5    621.0    658.1    500.0      0.0    617.1     49.0
    6    721.0    660.9    600.0      0.0    619.9     51.2
    7    821.0    665.1    700.0      0.0    624.1     55.0
    8    921.0    667.8    800.0      0.0    626.8     56.2
    9   1021.0    667.1    900.0      0.0    626.1     54.2
   10   1121.0    666.9   1000.0      0.0    625.9     53.8
   11   1221.0    669.1   1100.0      0.0    628.1     54.6
   12   1321.0    673.3   1200.0      0.0    632.3     58.3
   13   1421.0    673.7   1300.0      0.0    632.7     55.7
   14   1521.0    673.2   1400.0      0.0    632.2     52.3
   15   1621.0    674.8   1500.0      0.0    633.8     54.9
   16   1721.0    674.7   1600.0      0.0    633.7     56.8
   17   1821.0    675.9   1700.0      0.0    634.9     58.4
   18   1921.0    678.0   1800.0      0.0    637.0     58.3
   19   2021.0    678.4   1900.0      0.0    637.4     55.9
   20   2121.0    676.5   2000.0      0.0    635.5     52.6
   21   2221.0    672.7   2100.0      0.0    631.7     49.7
   22   2321.0    672.3   2200.0      0.0    631.3     50.4
   23   2421.0    673.1   2300.0      0.0    632.1     51.5
   24   2521.0    673.3   2400.0      0.0    632.3     51.6
   25   2621.0    672.2   2500.0      0.0    631.2     51.6
   26   2721.0    667.8   2600.0      0.0    626.8     48.2
   27   2821.0    666.9   2700.0      0.0    625.9     48.9
   28   2921.0    665.7   2800.0      0.0    624.7     48.7
   29   3021.0    666.4   2900.0      0.0    625.4     49.4
   30   3121.0    665.2   3000.0      0.0    624.2     48.5
           1   1.000000    
           2   2.154435    
           3   4.641589    
           4   10.00000    
           5   14.67799    
           6   21.54435    
           7   31.62278    
           8   46.41589    
           9   68.12920    
          10   100.0000    
          11   146.7799    
          12   215.4435    
          13   316.2278    
          14   464.1589    
          15   681.2921    
          16   1000.000    
          17   1467.799    
          18   2154.435    
          19   3162.278    
          20   4641.589    
          21   6812.921    
          22   10000.00    
          23   14677.99    
          24   21544.35    
          25   31622.78    
          26   46415.89    
          27   68129.20    
          28   100000.0    

  The frequency-domain results are directly computed from
     1.000     Hz to   10.00     Hz, using  3 points per decade and from
     10.00     Hz to  0.1000E+06 Hz, using  6 points per decade.

  These are used to construct the frequency-domain spectrum from DC to  0.1000E+06 Hz
  before transformation to the time domain.


                              Normalisation in ppm 
                              Primary field units are fT  

                     Vertical primary = -0.1326E+08
                      In-line primary = -0.1749E+08
                   Transverse primary =   0.000    
                        Total primary =  0.2195E+08

          Each component is normalised to its corresponding primary field
                         In-line norm =  0.5717E+05
                      Transverse norm =  0.4557E+05
                        Vertical norm =  0.7544E+05
