====================================================================================

                2.5D   Electromagnetic Modelling / Inversion      
====================================================================================


                 ArjunAir started at 15:30 on 12 MAY 2015
                      MPI process used     2 processors 

       The solution will proceeed in faster mode with nky = 17 and nfreq = 24 

      This inversion uses Marquard style damping on parameters on GSVD Decomposition of Model Norm and Sensitivity  Matrices 
                                                     by Jovan Silic   
  Normal Flight Direction 
  S Norm Follows 
           1   1949.027       1273.209    
           2   1583.287       952.2818    
           3   1330.659       728.6090    
           4   931.4637       573.3363    
           5   621.7819       402.9000    
           6   417.9318       253.3727    
           7   287.1909       242.9364    
           8   405.8409       269.5091    
           9   519.9318       294.9000    
          10   502.2864       241.0818    
          11   351.5864       208.0000    
          12   196.7818       100.0818    


  RMS error reduction based on using the Survey norm
  --------------------------------------------------
     PCTCNV =    1.000000    
         MU =            2
       RSVT =   0.2500000    
  TGSVD_BND =   9.9999998E-03
     ALPHAS =   4.9999999E-03
     ALPHAX =    1.000000    
     ALPHAZ =    1.000000    
  Model Norm not referenced to the Starting Model 


  Inversion Solver will be in Single Precision 
  Average length of cells in  z direction is     6.570560    
  Median Value of cell lengths in z direction is     3.000000    
  Length Scale in X direction is    200.0000    
  Length Scale in Z direction is    6.000000    
  Alphas updated to   4.9999999E-03  based on horizontal cell width of    100.0000    
  === FRONT    ELAPSED =   134.7069    
  ======== HYEY    ELAPSED =  1.5594482E-02
  ===== SENS_FD ELAPSED =    3.946823    
   Alphax determined   0.9213320    

  Created Ínversion Directory D:\Rods_Rubbish\EM\RESOLVE\Riverland_Sub_EWG_Train\EM2DInv\EM2DInv_1\Inversion_01\Line_0031013\Iteration_01\
  Sumsq Sums_Model Sumsq_Total    1134.210      0.0000000E+00   1134.210      at Iteration            1
 -------------------------------------------------------------------------------------


 Searching for Solution in Iteration    1 Icnt_Loop    0 RSVT      0.250


 Number     Alphax   Data_Misfit    Model_Norm    Total_Objective_Function    % Error 

      1 0.9213E+00      1134.210         0.000                   1134.2097    68.7606     52.8808

 Testing for optimum RSVT ... Old RSVT =   0.250
  === FRONT    ELAPSED =   134.4729    
  ======== HYEY    ELAPSED =  0.0000000E+00
  ===== SENS_FD ELAPSED =    4.024811    
  After Call Jacobian in Test For RSVT sumsq =    574.5405      at rsvt =   0.2500000    
  === FRONT    ELAPSED =   59.99799    
  ======== HYEY    ELAPSED =  1.5594482E-02
  ===== SENS_FD ELAPSED =   0.0000000E+00
  After Call Jacobian in Test For RSVT sumsq =    574.5405      at rsvt =   0.2500000    
  === FRONT    ELAPSED =   59.98236    
  ======== HYEY    ELAPSED =  1.5625000E-02
  ===== SENS_FD ELAPSED =   0.0000000E+00
  After Call Jacobian in Test For RSVT sumsq =    632.4530      at rsvt =   0.2973018    
  === FRONT    ELAPSED =   59.98242    
  ======== HYEY    ELAPSED =  0.0000000E+00
  ===== SENS_FD ELAPSED =   0.0000000E+00
  After Call Jacobian in Test For RSVT sumsq =    698.8098      at rsvt =   0.3535534    
  === FRONT    ELAPSED =   60.01361    
  ======== HYEY    ELAPSED =  1.5563965E-02
  ===== SENS_FD ELAPSED =   0.0000000E+00
  After Call Jacobian in Test For RSVT sumsq =    761.6063      at rsvt =   0.4204482    
 RSVT test returns value for rsvt    0.420
  === FRONT    ELAPSED =   134.4885    
  ======== HYEY    ELAPSED =  1.5625000E-02
  ===== SENS_FD ELAPSED =    3.946777    
 Testing for optimum RSVT ... New RSVT =   0.420


      5 0.1549E+01       819.093         0.000                    819.0929    44.9384     57.9305
                                           1.8
      5                                                             1134.2 Previous Total Ojective Function 


           Minimum       Maximum       Average 
   delpar  -1.0000        0.4177        0.1311        1.0000
    error  -1.4552        1.5205        0.4446


  Reduction is true for nstep =    5


  Reduction Accepted for Alpha = .15727E+01 with Sumsq and Model_Norm =    819.093     0.000


  End of Iteration     1

 -----------------------------------------------------------------------------------

  Created Ínversion Directory D:\Rods_Rubbish\EM\RESOLVE\Riverland_Sub_EWG_Train\EM2DInv\EM2DInv_1\Inversion_01\Line_0031013\Iteration_02\
  Sumsq Sums_Model Sumsq_Total    819.0929      0.0000000E+00   819.0929      at Iteration            2
 -------------------------------------------------------------------------------------


 Searching for Solution in Iteration    2 Icnt_Loop    0 RSVT      0.366


 Number     Alphax   Data_Misfit    Model_Norm    Total_Objective_Function    % Error 

      2 0.1369E+01       819.093         0.000                    819.0929    57.9305     44.9384
  === FRONT    ELAPSED =   134.7380    
  ======== HYEY    ELAPSED =  1.5625000E-02
  ===== SENS_FD ELAPSED =    3.931274    
      5 0.1369E+01       564.240         0.000                    564.2405    37.2978     47.9221
                                           7.6
      5                                                              819.1 Previous Total Ojective Function 


           Minimum       Maximum       Average 
   delpar  -1.0000        0.6564        0.1334        1.0000
    error  -1.1684        1.5054        0.3654


  Reduction is true for nstep =    5


  Reduction Accepted for Alpha = .14365E+01 with Sumsq and Model_Norm =    564.240     0.000


  End of Iteration     2

 -----------------------------------------------------------------------------------

  Created Ínversion Directory D:\Rods_Rubbish\EM\RESOLVE\Riverland_Sub_EWG_Train\EM2DInv\EM2DInv_1\Inversion_01\Line_0031013\Iteration_03\
  Sumsq Sums_Model Sumsq_Total    564.2405      0.0000000E+00   564.2405      at Iteration            3
 -------------------------------------------------------------------------------------


 Searching for Solution in Iteration    3 Icnt_Loop    0 RSVT      0.319


 Number     Alphax   Data_Misfit    Model_Norm    Total_Objective_Function    % Error 

      3 0.1251E+01       564.240         0.000                    564.2405    47.9221     37.2978
  === FRONT    ELAPSED =   134.8317    
  ======== HYEY    ELAPSED =  0.0000000E+00
  ===== SENS_FD ELAPSED =    3.962402    
      5 0.1251E+01       390.168         0.000                    390.1678    31.0154     39.8881
                                          16.2
      5                                                              564.2 Previous Total Ojective Function 


           Minimum       Maximum       Average 
   delpar  -0.8353        0.5451        0.1195        1.0000
    error  -0.9751        1.4720        0.2904


  Reduction is true for nstep =    5


  Reduction Accepted for Alpha = .12801E+01 with Sumsq and Model_Norm =    390.168     0.000


  End of Iteration     3

 -----------------------------------------------------------------------------------

  Created Ínversion Directory D:\Rods_Rubbish\EM\RESOLVE\Riverland_Sub_EWG_Train\EM2DInv\EM2DInv_1\Inversion_01\Line_0031013\Iteration_04\
  Sumsq Sums_Model Sumsq_Total    390.1678      0.0000000E+00   390.1678      at Iteration            4
 -------------------------------------------------------------------------------------


 Searching for Solution in Iteration    4 Icnt_Loop    0 RSVT      0.277


 Number     Alphax   Data_Misfit    Model_Norm    Total_Objective_Function    % Error 

      4 0.1114E+01       390.168         0.000                    390.1678    39.8881     31.0154
  === FRONT    ELAPSED =   134.7537    
  ======== HYEY    ELAPSED =  0.0000000E+00
  ===== SENS_FD ELAPSED =    3.946777    
      5 0.1114E+01       273.824         0.000                    273.8241    25.9829     33.7036
                                          25.6
      5                                                              390.2 Previous Total Ojective Function 


           Minimum       Maximum       Average 
   delpar  -0.9389        0.2936        0.0990        1.0000
    error  -0.8253        1.3955        0.2309


  Reduction is true for nstep =    5


  Reduction Accepted for Alpha = .11469E+01 with Sumsq and Model_Norm =    273.824     0.000


  End of Iteration     4

 -----------------------------------------------------------------------------------

  Created Ínversion Directory D:\Rods_Rubbish\EM\RESOLVE\Riverland_Sub_EWG_Train\EM2DInv\EM2DInv_1\Inversion_01\Line_0031013\Iteration_05\
  Sumsq Sums_Model Sumsq_Total    273.8241      0.0000000E+00   273.8241      at Iteration            5
 -------------------------------------------------------------------------------------


 Searching for Solution in Iteration    5 Icnt_Loop    0 RSVT      0.241


 Number     Alphax   Data_Misfit    Model_Norm    Total_Objective_Function    % Error 

      5 0.9985E+00       273.824         0.000                    273.8241    33.7036     25.9829
  === FRONT    ELAPSED =   134.7848    
  ======== HYEY    ELAPSED =  0.0000000E+00
  ===== SENS_FD ELAPSED =    3.946899    
      5 0.9985E+00       203.735         0.000                    203.7347    22.4121     29.5475
                                          34.0
      5                                                              273.8 Previous Total Ojective Function 


           Minimum       Maximum       Average 
   delpar  -0.7372        0.2214        0.0770        1.0000
    error  -0.7125        1.2419        0.1836


  Reduction is true for nstep =    5


  Reduction Accepted for Alpha = .10373E+01 with Sumsq and Model_Norm =    203.735     0.000


  End of Iteration     5

 -----------------------------------------------------------------------------------

  Created Ínversion Directory D:\Rods_Rubbish\EM\RESOLVE\Riverland_Sub_EWG_Train\EM2DInv\EM2DInv_1\Inversion_01\Line_0031013\Iteration_06\
  Sumsq Sums_Model Sumsq_Total    203.7347      0.0000000E+00   203.7347      at Iteration            6
 -------------------------------------------------------------------------------------


 Searching for Solution in Iteration    6 Icnt_Loop    0 RSVT      0.210


 Number     Alphax   Data_Misfit    Model_Norm    Total_Objective_Function    % Error 

      6 0.9031E+00       203.735         0.000                    203.7347    29.5475     22.4121
  === FRONT    ELAPSED =   134.8162    
  ======== HYEY    ELAPSED =  1.5502930E-02
  ===== SENS_FD ELAPSED =    3.931274    
      5 0.9031E+00       165.265         0.000                    165.2653    20.1856     27.0147
                                          40.7
      5                                                              203.7 Previous Total Ojective Function 


           Minimum       Maximum       Average 
   delpar  -0.5747        0.2019        0.0595        1.0000
    error  -0.6307        1.0075        0.1557


  Reduction is true for nstep =    5


  Reduction Accepted for Alpha = .93691E+00 with Sumsq and Model_Norm =    165.265     0.000


  End of Iteration     6

 -----------------------------------------------------------------------------------

  Created Ínversion Directory D:\Rods_Rubbish\EM\RESOLVE\Riverland_Sub_EWG_Train\EM2DInv\EM2DInv_1\Inversion_01\Line_0031013\Iteration_07\
  Sumsq Sums_Model Sumsq_Total    165.2653      0.0000000E+00   165.2653      at Iteration            7
 -------------------------------------------------------------------------------------


 Searching for Solution in Iteration    7 Icnt_Loop    0 RSVT      0.183


 Number     Alphax   Data_Misfit    Model_Norm    Total_Objective_Function    % Error 

      7 0.8156E+00       165.265         0.000                    165.2653    27.0147     20.1856
  === FRONT    ELAPSED =   134.7535    
  ======== HYEY    ELAPSED =  1.5625000E-02
  ===== SENS_FD ELAPSED =    3.931396    
      5 0.8156E+00       142.901         0.000                    142.9012    18.7702     25.4273
                                          46.2
      5                                                              165.3 Previous Total Ojective Function 


           Minimum       Maximum       Average 
   delpar  -0.4514        0.2114        0.0493        1.0000
    error  -0.5663        0.7761        0.1426


  Reduction is true for nstep =    5


  Reduction Accepted for Alpha = .84453E+00 with Sumsq and Model_Norm =    142.901     0.000


  End of Iteration     7

 -----------------------------------------------------------------------------------

  Created Ínversion Directory D:\Rods_Rubbish\EM\RESOLVE\Riverland_Sub_EWG_Train\EM2DInv\EM2DInv_1\Inversion_01\Line_0031013\Iteration_08\
  Sumsq Sums_Model Sumsq_Total    142.9012      0.0000000E+00   142.9012      at Iteration            8
 -------------------------------------------------------------------------------------


 Searching for Solution in Iteration    8 Icnt_Loop    0 RSVT      0.159


 Number     Alphax   Data_Misfit    Model_Norm    Total_Objective_Function    % Error 

      8 0.7352E+00       142.901         0.000                    142.9012    25.4273     18.7702
  === FRONT    ELAPSED =   134.8628    
  ======== HYEY    ELAPSED =  1.5625000E-02
  ===== SENS_FD ELAPSED =    3.931152    
      5 0.7352E+00       127.533         0.000                    127.5335    17.7322     24.2814
                                          51.0
      5                                                              142.9 Previous Total Ojective Function 


           Minimum       Maximum       Average 
   delpar  -0.3612        0.2759        0.0460        1.0000
    error  -0.5066        0.6745        0.1350


  Reduction is true for nstep =    5


  Reduction Accepted for Alpha = .75824E+00 with Sumsq and Model_Norm =    127.533     0.000


  End of Iteration     8

 -----------------------------------------------------------------------------------

  Created Ínversion Directory D:\Rods_Rubbish\EM\RESOLVE\Riverland_Sub_EWG_Train\EM2DInv\EM2DInv_1\Inversion_01\Line_0031013\Iteration_09\
  Sumsq Sums_Model Sumsq_Total    127.5335      0.0000000E+00   127.5335      at Iteration            9
 -------------------------------------------------------------------------------------


 Searching for Solution in Iteration    9 Icnt_Loop    0 RSVT      0.139


 Number     Alphax   Data_Misfit    Model_Norm    Total_Objective_Function    % Error 

      9 0.6601E+00       127.533         0.000                    127.5335    24.2814     17.7322
  === FRONT    ELAPSED =   134.8628    
  ======== HYEY    ELAPSED =  1.5625000E-02
  ===== SENS_FD ELAPSED =    3.946777    
      5 0.6601E+00       114.412         0.000                    114.4123    16.7953     23.2436
                                          55.8
      5                                                              127.5 Previous Total Ojective Function 


           Minimum       Maximum       Average 
   delpar  -0.4650        0.3679        0.0490        1.0000
    error  -0.4601        0.6254        0.1289


  Reduction is true for nstep =    5


  Reduction Accepted for Alpha = .68993E+00 with Sumsq and Model_Norm =    114.412     0.000


  End of Iteration     9

 -----------------------------------------------------------------------------------

  Created Ínversion Directory D:\Rods_Rubbish\EM\RESOLVE\Riverland_Sub_EWG_Train\EM2DInv\EM2DInv_1\Inversion_01\Line_0031013\Iteration_10\
  Sumsq Sums_Model Sumsq_Total    114.4123      0.0000000E+00   114.4123      at Iteration           10
 -------------------------------------------------------------------------------------


 Searching for Solution in Iteration   10 Icnt_Loop    0 RSVT      0.121


 Number     Alphax   Data_Misfit    Model_Norm    Total_Objective_Function    % Error 

     10 0.6006E+00       114.412         0.000                    114.4123    23.2436     16.7953
  === FRONT    ELAPSED =   134.8315    
  ======== HYEY    ELAPSED =  1.5625000E-02
  ===== SENS_FD ELAPSED =    3.947021    
      5 0.6006E+00       102.031         0.000                    102.0307    15.8605     22.1631
                                          61.1
      5                                                              114.4 Previous Total Ojective Function 


           Minimum       Maximum       Average 
   delpar  -0.5093        0.4088        0.0548        1.0000
    error  -0.4675        0.6017        0.1227


  Reduction is true for nstep =    5


  Reduction Accepted for Alpha = .64859E+00 with Sumsq and Model_Norm =    102.031     0.000


  End of Iteration    10

 -----------------------------------------------------------------------------------

  Created Ínversion Directory D:\Rods_Rubbish\EM\RESOLVE\Riverland_Sub_EWG_Train\EM2DInv\EM2DInv_1\Inversion_01\Line_0031013\Iteration_11\
  Sumsq Sums_Model Sumsq_Total    102.0307      0.0000000E+00   102.0307      at Iteration           11
 -------------------------------------------------------------------------------------


 Searching for Solution in Iteration   11 Icnt_Loop    0 RSVT      0.105


 Number     Alphax   Data_Misfit    Model_Norm    Total_Objective_Function    % Error 

     11 0.5646E+00       102.031         0.000                    102.0307    22.1631     15.8605
  === FRONT    ELAPSED =   134.9722    
  ======== HYEY    ELAPSED =  1.5380859E-02
  ===== SENS_FD ELAPSED =    3.947021    
      5 0.5646E+00        90.627         0.000                     90.6266    14.9479     21.0464
                                          66.7
      5                                                              102.0 Previous Total Ojective Function 


           Minimum       Maximum       Average 
   delpar  -0.4562        0.3294        0.0577        1.0000
    error  -0.4832        0.5791        0.1163


  Reduction is true for nstep =    5


  Reduction Accepted for Alpha = .59852E+00 with Sumsq and Model_Norm =     90.627     0.000


  End of Iteration    11

 -----------------------------------------------------------------------------------

  Created Ínversion Directory D:\Rods_Rubbish\EM\RESOLVE\Riverland_Sub_EWG_Train\EM2DInv\EM2DInv_1\Inversion_01\Line_0031013\Iteration_12\
  Sumsq Sums_Model Sumsq_Total    90.62663      0.0000000E+00   90.62663      at Iteration           12
 -------------------------------------------------------------------------------------


 Searching for Solution in Iteration   12 Icnt_Loop    0 RSVT      0.092


 Number     Alphax   Data_Misfit    Model_Norm    Total_Objective_Function    % Error 

     12 0.5210E+00        90.627         0.000                     90.6266    21.0464     14.9479
  === FRONT    ELAPSED =   134.8472    
  ======== HYEY    ELAPSED =  0.0000000E+00
  ===== SENS_FD ELAPSED =    3.962402    
      5 0.5210E+00        79.650         0.000                     79.6501    14.0134     19.8389
                                          73.0
      5                                                               90.6 Previous Total Ojective Function 


           Minimum       Maximum       Average 
   delpar  -0.4588        0.3258        0.0633        1.0000
    error  -0.4888        0.5568        0.1102


  Reduction is true for nstep =    5


  Reduction Accepted for Alpha = .54189E+00 with Sumsq and Model_Norm =     79.650     0.000


  End of Iteration    12

 -----------------------------------------------------------------------------------

  Created Ínversion Directory D:\Rods_Rubbish\EM\RESOLVE\Riverland_Sub_EWG_Train\EM2DInv\EM2DInv_1\Inversion_01\Line_0031013\Iteration_13\
  Sumsq Sums_Model Sumsq_Total    79.65013      0.0000000E+00   79.65013      at Iteration           13
 -------------------------------------------------------------------------------------


 Searching for Solution in Iteration   13 Icnt_Loop    0 RSVT      0.080


 Number     Alphax   Data_Misfit    Model_Norm    Total_Objective_Function    % Error 

     13 0.4717E+00        79.650         0.000                     79.6501    19.8389     14.0134
  === FRONT    ELAPSED =   134.8472    
  ======== HYEY    ELAPSED =  0.0000000E+00
  ===== SENS_FD ELAPSED =    3.962646    
      5 0.4717E+00        69.196         0.000                     69.1956    13.0614     18.5616
                                          80.2
      5                                                               79.7 Previous Total Ojective Function 


           Minimum       Maximum       Average 
   delpar  -0.5576        0.3698        0.0705        1.0000
    error  -0.4736        0.5303        0.1041


  Reduction is true for nstep =    5


  Reduction Accepted for Alpha = .48418E+00 with Sumsq and Model_Norm =     69.196     0.000


  End of Iteration    13

 -----------------------------------------------------------------------------------

  Created Ínversion Directory D:\Rods_Rubbish\EM\RESOLVE\Riverland_Sub_EWG_Train\EM2DInv\EM2DInv_1\Inversion_01\Line_0031013\Iteration_14\
  Sumsq Sums_Model Sumsq_Total    69.19561      0.0000000E+00   69.19561      at Iteration           14
 -------------------------------------------------------------------------------------


 Searching for Solution in Iteration   14 Icnt_Loop    0 RSVT      0.069


 Number     Alphax   Data_Misfit    Model_Norm    Total_Objective_Function    % Error 

     14 0.4215E+00        69.196         0.000                     69.1956    18.5616     13.0614
  === FRONT    ELAPSED =   134.9253    
  ======== HYEY    ELAPSED =  1.5625000E-02
  ===== SENS_FD ELAPSED =    3.946777    
      5 0.4215E+00        59.706         0.000                     59.7060    12.1328     17.2843
                                          88.3
      5                                                               69.2 Previous Total Ojective Function 


           Minimum       Maximum       Average 
   delpar  -0.5750        0.3908        0.0788        1.0000
    error  -0.4267        0.4946        0.0978


  Reduction is true for nstep =    5


  Reduction Accepted for Alpha = .42835E+00 with Sumsq and Model_Norm =     59.706     0.000


  End of Iteration    14

 -----------------------------------------------------------------------------------

  Created Ínversion Directory D:\Rods_Rubbish\EM\RESOLVE\Riverland_Sub_EWG_Train\EM2DInv\EM2DInv_1\Inversion_01\Line_0031013\Iteration_15\
  Sumsq Sums_Model Sumsq_Total    59.70600      0.0000000E+00   59.70600      at Iteration           15
 -------------------------------------------------------------------------------------


 Searching for Solution in Iteration   15 Icnt_Loop    0 RSVT      0.060


 Number     Alphax   Data_Misfit    Model_Norm    Total_Objective_Function    % Error 

     15 0.3729E+00        59.706         0.000                     59.7060    17.2843     12.1328
  === FRONT    ELAPSED =   134.9253    
  ======== HYEY    ELAPSED =  0.0000000E+00
  ===== SENS_FD ELAPSED =    3.946777    
      5 0.3729E+00        51.209         0.000                     51.2085    11.2363     16.0059
                                          97.0
      5                                                               59.7 Previous Total Ojective Function 


           Minimum       Maximum       Average 
   delpar  -0.6296        0.3646        0.0876        1.0000
    error  -0.3595        0.4454        0.0916


  Reduction is true for nstep =    5


  Reduction Accepted for Alpha = .37563E+00 with Sumsq and Model_Norm =     51.209     0.000


  End of Iteration    15

 -----------------------------------------------------------------------------------

  Created Ínversion Directory D:\Rods_Rubbish\EM\RESOLVE\Riverland_Sub_EWG_Train\EM2DInv\EM2DInv_1\Inversion_01\Line_0031013\Iteration_16\
  Sumsq Sums_Model Sumsq_Total    51.20851      0.0000000E+00   51.20851      at Iteration           16
 -------------------------------------------------------------------------------------


 Searching for Solution in Iteration   16 Icnt_Loop    0 RSVT      0.053


 Number     Alphax   Data_Misfit    Model_Norm    Total_Objective_Function    % Error 

     16 0.3270E+00        51.209         0.000                     51.2085    16.0059     11.2363
  === FRONT    ELAPSED =   134.8005    
  ======== HYEY    ELAPSED =  1.5625000E-02
  ===== SENS_FD ELAPSED =    3.946777    
      5 0.3270E+00        43.485         0.000                     43.4852    10.3543     14.6878
                                         106.4
      5                                                               51.2 Previous Total Ojective Function 


           Minimum       Maximum       Average 
   delpar  -0.6712        0.3669        0.0954        1.0000
    error  -0.3380        0.3826        0.0856


  Reduction is true for nstep =    5


  Reduction Accepted for Alpha = .32679E+00 with Sumsq and Model_Norm =     43.485     0.000


  End of Iteration    16

 -----------------------------------------------------------------------------------

  Created Ínversion Directory D:\Rods_Rubbish\EM\RESOLVE\Riverland_Sub_EWG_Train\EM2DInv\EM2DInv_1\Inversion_01\Line_0031013\Iteration_17\
  Sumsq Sums_Model Sumsq_Total    43.48522      0.0000000E+00   43.48522      at Iteration           17
 -------------------------------------------------------------------------------------


 Searching for Solution in Iteration   17 Icnt_Loop    0 RSVT      0.046


 Number     Alphax   Data_Misfit    Model_Norm    Total_Objective_Function    % Error 

     17 0.2845E+00        43.485         0.000                     43.4852    14.6878     10.3543
  === FRONT    ELAPSED =   134.9097    
  ======== HYEY    ELAPSED =  0.0000000E+00
  ===== SENS_FD ELAPSED =    3.946777    
      5 0.2845E+00        36.619         0.000                     36.6187     9.5017     13.3440
                                         116.5
      5                                                               43.5 Previous Total Ojective Function 


           Minimum       Maximum       Average 
   delpar  -0.7117        0.3841        0.0992        1.0000
    error  -0.3226        0.3940        0.0797


  Reduction is true for nstep =    5


  Reduction Accepted for Alpha = .28259E+00 with Sumsq and Model_Norm =     36.619     0.000


  End of Iteration    17

 -----------------------------------------------------------------------------------

  Created Ínversion Directory D:\Rods_Rubbish\EM\RESOLVE\Riverland_Sub_EWG_Train\EM2DInv\EM2DInv_1\Inversion_01\Line_0031013\Iteration_18\
  Sumsq Sums_Model Sumsq_Total    36.61871      0.0000000E+00   36.61871      at Iteration           18
 -------------------------------------------------------------------------------------


 Searching for Solution in Iteration   18 Icnt_Loop    0 RSVT      0.040


 Number     Alphax   Data_Misfit    Model_Norm    Total_Objective_Function    % Error 

     18 0.2460E+00        36.619         0.000                     36.6187    13.3440      9.5017
  === FRONT    ELAPSED =   134.9565    
  ======== HYEY    ELAPSED =  0.0000000E+00
  ===== SENS_FD ELAPSED =    3.962402    
      5 0.2460E+00        30.801         0.000                     30.8005     8.7142     12.0337
                                         127.1
      5                                                               36.6 Previous Total Ojective Function 


           Minimum       Maximum       Average 
   delpar  -0.7307        0.4074        0.0984        1.0000
    error  -0.2936        0.3923        0.0736


  Reduction is true for nstep =    5


  Reduction Accepted for Alpha = .24367E+00 with Sumsq and Model_Norm =     30.801     0.000


  End of Iteration    18

 -----------------------------------------------------------------------------------

  Created Ínversion Directory D:\Rods_Rubbish\EM\RESOLVE\Riverland_Sub_EWG_Train\EM2DInv\EM2DInv_1\Inversion_01\Line_0031013\Iteration_19\
  Sumsq Sums_Model Sumsq_Total    30.80051      0.0000000E+00   30.80051      at Iteration           19
 -------------------------------------------------------------------------------------


 Searching for Solution in Iteration   19 Icnt_Loop    0 RSVT      0.035


 Number     Alphax   Data_Misfit    Model_Norm    Total_Objective_Function    % Error 

     19 0.2121E+00        30.801         0.000                     30.8005    12.0337      8.7142
  === FRONT    ELAPSED =   134.8784    
  ======== HYEY    ELAPSED =  0.0000000E+00
  ===== SENS_FD ELAPSED =    3.946777    
      5 0.2121E+00        26.162         0.000                     26.1620     8.0313     10.8386
                                         138.4
      5                                                               30.8 Previous Total Ojective Function 


           Minimum       Maximum       Average 
   delpar  -0.7696        0.4248        0.0963        1.0000
    error  -0.2856        0.3761        0.0678


  Reduction is true for nstep =    5


  Reduction Accepted for Alpha = .21010E+00 with Sumsq and Model_Norm =     26.162     0.000


  End of Iteration    19

 -----------------------------------------------------------------------------------

  Created Ínversion Directory D:\Rods_Rubbish\EM\RESOLVE\Riverland_Sub_EWG_Train\EM2DInv\EM2DInv_1\Inversion_01\Line_0031013\Iteration_20\
  Sumsq Sums_Model Sumsq_Total    26.16201      0.0000000E+00   26.16201      at Iteration           20
 -------------------------------------------------------------------------------------


 Searching for Solution in Iteration   20 Icnt_Loop    0 RSVT      0.030


 Number     Alphax   Data_Misfit    Model_Norm    Total_Objective_Function    % Error 

     20 0.1829E+00        26.162         0.000                     26.1620    10.8386      8.0313
  === FRONT    ELAPSED =   134.9097    
  ======== HYEY    ELAPSED =  1.5625000E-02
  ===== SENS_FD ELAPSED =    3.931152    
      5 0.1829E+00        22.636         0.000                     22.6360     7.4705      9.8227
                                         149.9
      5                                                               26.2 Previous Total Ojective Function 


           Minimum       Maximum       Average 
   delpar  -0.7765        0.4320        0.0920        1.0000
    error  -0.2707        0.3513        0.0624


  Reduction is true for nstep =    5


  Reduction Accepted for Alpha = .18132E+00 with Sumsq and Model_Norm =     22.636     0.000


  End of Iteration    20

 -----------------------------------------------------------------------------------

  Created Ínversion Directory D:\Rods_Rubbish\EM\RESOLVE\Riverland_Sub_EWG_Train\EM2DInv\EM2DInv_1\Inversion_01\Line_0031013\Iteration_21\
  Sumsq Sums_Model Sumsq_Total    22.63604      0.0000000E+00   22.63604      at Iteration           21
 -------------------------------------------------------------------------------------


 Searching for Solution in Iteration   21 Icnt_Loop    0 RSVT      0.026


 Number     Alphax   Data_Misfit    Model_Norm    Total_Objective_Function    % Error 

     21 0.1579E+00        22.636         0.000                     22.6360     9.8227      7.4705
  === FRONT    ELAPSED =   134.9722    
  ======== HYEY    ELAPSED =  0.0000000E+00
  ===== SENS_FD ELAPSED =    3.946777    
      5 0.1579E+00        20.009         0.000                     20.0094     7.0237      9.0055
                                         161.6
      5                                                               22.6 Previous Total Ojective Function 


           Minimum       Maximum       Average 
   delpar  -0.7512        0.4464        0.0860        1.0000
    error  -0.2511        0.3264        0.0578


  Reduction is true for nstep =    5


  Reduction Accepted for Alpha = .15670E+00 with Sumsq and Model_Norm =     20.009     0.000


  End of Iteration    21

 -----------------------------------------------------------------------------------

  Created Ínversion Directory D:\Rods_Rubbish\EM\RESOLVE\Riverland_Sub_EWG_Train\EM2DInv\EM2DInv_1\Inversion_01\Line_0031013\Iteration_22\
  Sumsq Sums_Model Sumsq_Total    20.00941      0.0000000E+00   20.00941      at Iteration           22
 -------------------------------------------------------------------------------------


 Searching for Solution in Iteration   22 Icnt_Loop    0 RSVT      0.023


 Number     Alphax   Data_Misfit    Model_Norm    Total_Objective_Function    % Error 

     22 0.1364E+00        20.009         0.000                     20.0094     9.0055      7.0237
  === FRONT    ELAPSED =   134.8940    
  ======== HYEY    ELAPSED =  0.0000000E+00
  ===== SENS_FD ELAPSED =    3.946777    
      5 0.1364E+00        18.209         0.000                     18.2086     6.7002      8.4382
                                         173.2
      5                                                               20.0 Previous Total Ojective Function 


           Minimum       Maximum       Average 
   delpar  -0.6546        0.5526        0.0786        1.0000
    error  -0.2471        0.3052        0.0539


  Reduction is true for nstep =    5


  Reduction Accepted for Alpha = .13552E+00 with Sumsq and Model_Norm =     18.209     0.000


  End of Iteration    22

 -----------------------------------------------------------------------------------

  Created Ínversion Directory D:\Rods_Rubbish\EM\RESOLVE\Riverland_Sub_EWG_Train\EM2DInv\EM2DInv_1\Inversion_01\Line_0031013\Iteration_23\
  Sumsq Sums_Model Sumsq_Total    18.20856      0.0000000E+00   18.20856      at Iteration           23
 -------------------------------------------------------------------------------------


 Searching for Solution in Iteration   23 Icnt_Loop    0 RSVT      0.020


 Number     Alphax   Data_Misfit    Model_Norm    Total_Objective_Function    % Error 

     23 0.1180E+00        18.209         0.000                     18.2086     8.4382      6.7002
  === FRONT    ELAPSED =   134.8633    
  ======== HYEY    ELAPSED =  1.5625000E-02
  ===== SENS_FD ELAPSED =    3.931152    
      5 0.1180E+00        16.951         0.000                     16.9507     6.4646      8.0477
                                         184.7
      5                                                               18.2 Previous Total Ojective Function 


           Minimum       Maximum       Average 
   delpar  -0.6394        0.4360        0.0762        1.0000
    error  -0.2450        0.2892        0.0509


  Reduction is true for nstep =    5


  Reduction Accepted for Alpha = .11709E+00 with Sumsq and Model_Norm =     16.951     0.000


  End of Iteration    23

 -----------------------------------------------------------------------------------

  Created Ínversion Directory D:\Rods_Rubbish\EM\RESOLVE\Riverland_Sub_EWG_Train\EM2DInv\EM2DInv_1\Inversion_01\Line_0031013\Iteration_24\
  Sumsq Sums_Model Sumsq_Total    16.95068      0.0000000E+00   16.95068      at Iteration           24
 -------------------------------------------------------------------------------------


 Searching for Solution in Iteration   24 Icnt_Loop    0 RSVT      0.017


 Number     Alphax   Data_Misfit    Model_Norm    Total_Objective_Function    % Error 

     24 0.1019E+00        16.951         0.000                     16.9507     8.0477      6.4646
  === FRONT    ELAPSED =   134.8320    
  ======== HYEY    ELAPSED =  0.0000000E+00
  ===== SENS_FD ELAPSED =    3.931152    
      5 0.1019E+00        16.038         0.000                     16.0381     6.2882      7.7578
                                         197.2
      5                                                               17.0 Previous Total Ojective Function 


           Minimum       Maximum       Average 
   delpar  -0.6502        0.6185        0.0788        1.0000
    error  -0.2391        0.2784        0.0487


  Reduction is true for nstep =    5


  Reduction Accepted for Alpha = .10127E+00 with Sumsq and Model_Norm =     16.038     0.000


  End of Iteration    24

 -----------------------------------------------------------------------------------

  Created Ínversion Directory D:\Rods_Rubbish\EM\RESOLVE\Riverland_Sub_EWG_Train\EM2DInv\EM2DInv_1\Inversion_01\Line_0031013\Iteration_25\
  Sumsq Sums_Model Sumsq_Total    16.03815      0.0000000E+00   16.03815      at Iteration           25
 -------------------------------------------------------------------------------------


 Searching for Solution in Iteration   25 Icnt_Loop    0 RSVT      0.015


 Number     Alphax   Data_Misfit    Model_Norm    Total_Objective_Function    % Error 

     25 0.8816E-01        16.038         0.000                     16.0381     7.7578      6.2882
  === FRONT    ELAPSED =   134.8315    
  ======== HYEY    ELAPSED =  0.0000000E+00
  ===== SENS_FD ELAPSED =    3.946777    
      5 0.8816E-01        15.376         0.000                     15.3756     6.1570      7.5492
                                         210.9
      5                                                               16.0 Previous Total Ojective Function 


           Minimum       Maximum       Average 
   delpar  -0.6057        0.7942        0.0798        1.0000
    error  -0.2342        0.2716        0.0472


  Reduction is true for nstep =    5


  Reduction Accepted for Alpha = .87665E-01 with Sumsq and Model_Norm =     15.376     0.000


  End of Iteration    25

 -----------------------------------------------------------------------------------

  Created Ínversion Directory D:\Rods_Rubbish\EM\RESOLVE\Riverland_Sub_EWG_Train\EM2DInv\EM2DInv_1\Inversion_01\Line_0031013\Iteration_26\
  Sumsq Sums_Model Sumsq_Total    15.37558      0.0000000E+00   15.37558      at Iteration           26
 -------------------------------------------------------------------------------------


 Searching for Solution in Iteration   26 Icnt_Loop    0 RSVT      0.015


 Number     Alphax   Data_Misfit    Model_Norm    Total_Objective_Function    % Error 

     26 0.7632E-01        15.376         0.000                     15.3756     7.5492      6.1570
  === FRONT    ELAPSED =   134.9253    
  ======== HYEY    ELAPSED =  1.5625000E-02
  ===== SENS_FD ELAPSED =    3.915527    
      5 0.7632E-01        15.086         0.000                     15.0857     6.0987      7.4529
                                         220.8
      5                                                               15.4 Previous Total Ojective Function 


           Minimum       Maximum       Average 
   delpar  -0.5163        0.5598        0.0593        1.0000
    error  -0.2231        0.2672        0.0463


  Reduction is true for nstep =    5


  Reduction Accepted for Alpha = .86808E-01 with Sumsq and Model_Norm =     15.086     0.000


  End of Iteration    26

 -----------------------------------------------------------------------------------

  Created Ínversion Directory D:\Rods_Rubbish\EM\RESOLVE\Riverland_Sub_EWG_Train\EM2DInv\EM2DInv_1\Inversion_01\Line_0031013\Iteration_27\
  Sumsq Sums_Model Sumsq_Total    15.08574      0.0000000E+00   15.08574      at Iteration           27
 -------------------------------------------------------------------------------------


 Searching for Solution in Iteration   27 Icnt_Loop    0 RSVT      0.015


 Number     Alphax   Data_Misfit    Model_Norm    Total_Objective_Function    % Error 

     27 0.7557E-01        15.086         0.000                     15.0857     7.4529      6.0987
  === FRONT    ELAPSED =   134.8472    
  ======== HYEY    ELAPSED =  0.0000000E+00
  ===== SENS_FD ELAPSED =    3.946777    
      5 0.7557E-01        14.819         0.000                     14.8191     6.0445      7.3940
                                         229.0
      5                                                               15.1 Previous Total Ojective Function 


           Minimum       Maximum       Average 
   delpar  -0.3282        1.0000        0.0482        1.0000
    error  -0.2277        0.2665        0.0459


  Reduction is true for nstep =    5


  Reduction Accepted for Alpha = .86610E-01 with Sumsq and Model_Norm =     14.819     0.000


  End of Iteration    27

 -----------------------------------------------------------------------------------

  Created Ínversion Directory D:\Rods_Rubbish\EM\RESOLVE\Riverland_Sub_EWG_Train\EM2DInv\EM2DInv_1\Inversion_01\Line_0031013\Iteration_28\
  Sumsq Sums_Model Sumsq_Total    14.81910      0.0000000E+00   14.81910      at Iteration           28
 -------------------------------------------------------------------------------------


 Searching for Solution in Iteration   28 Icnt_Loop    0 RSVT      0.015


 Number     Alphax   Data_Misfit    Model_Norm    Total_Objective_Function    % Error 

     28 0.7540E-01        14.819         0.000                     14.8191     7.3940      6.0445
  === FRONT    ELAPSED =   134.8008    
  ======== HYEY    ELAPSED =  0.0000000E+00
  ===== SENS_FD ELAPSED =    3.931152    
      5 0.7540E-01        14.654         0.000                     14.6545     6.0109      7.3482
                                         235.7
      5                                                               14.8 Previous Total Ojective Function 


           Minimum       Maximum       Average 
   delpar  -0.6485        0.6832        0.0443        1.0000
    error  -0.2211        0.2665        0.0456


  Reduction is true for nstep =    5


  Reduction Accepted for Alpha = .86360E-01 with Sumsq and Model_Norm =     14.654     0.000


  End of Iteration    28

 -----------------------------------------------------------------------------------

  Created Ínversion Directory D:\Rods_Rubbish\EM\RESOLVE\Riverland_Sub_EWG_Train\EM2DInv\EM2DInv_1\Inversion_01\Line_0031013\Iteration_29\
  Sumsq Sums_Model Sumsq_Total    14.65447      0.0000000E+00   14.65447      at Iteration           29
 -------------------------------------------------------------------------------------


 Searching for Solution in Iteration   29 Icnt_Loop    0 RSVT      0.015


 Number     Alphax   Data_Misfit    Model_Norm    Total_Objective_Function    % Error 

     29 0.7518E-01        14.654         0.000                     14.6545     7.3482      6.0109
  === FRONT    ELAPSED =   135.0029    
  ======== HYEY    ELAPSED =  0.0000000E+00
  ===== SENS_FD ELAPSED =    3.946777    
      5 0.7518E-01        14.492         0.000                     14.4916     5.9774      7.3131
                                         242.4
      5                                                               14.7 Previous Total Ojective Function 


           Minimum       Maximum       Average 
   delpar  -0.3741        0.6336        0.0353        1.0000
    error  -0.2274        0.2673        0.0455


  Reduction is true for nstep =    5


  Reduction Accepted for Alpha = .86321E-01 with Sumsq and Model_Norm =     14.492     0.000


  End of Iteration    29

 -----------------------------------------------------------------------------------

  Created Ínversion Directory D:\Rods_Rubbish\EM\RESOLVE\Riverland_Sub_EWG_Train\EM2DInv\EM2DInv_1\Inversion_01\Line_0031013\Iteration_30\
  Sumsq Sums_Model Sumsq_Total    14.49160      0.0000000E+00   14.49160      at Iteration           30
 -------------------------------------------------------------------------------------


 Searching for Solution in Iteration   30 Icnt_Loop    0 RSVT      0.015


 Number     Alphax   Data_Misfit    Model_Norm    Total_Objective_Function    % Error 

     30 0.7515E-01        14.492         0.000                     14.4916     7.3131      5.9774
  === FRONT    ELAPSED =   134.9409    
  ======== HYEY    ELAPSED =  0.0000000E+00
  ===== SENS_FD ELAPSED =    3.946777    
      5 0.7515E-01        14.448         0.000                     14.4481     5.9684      7.2818
                                         248.0
      5                                                               14.5 Previous Total Ojective Function 


           Minimum       Maximum       Average 
   delpar  -0.7024        0.6062        0.0343        1.0000
    error  -0.2253        0.2660        0.0454


  Reduction is true for nstep =    5


  Reduction Accepted for Alpha = .85903E-01 with Sumsq and Model_Norm =     14.448     0.000


  End of Iteration    30

 -----------------------------------------------------------------------------------


  ArjunAir inversion completed at 17:20 on 12 MAY 2015

  Computation time =    6620.20 seconds.


